{"D:\\BDM_Final\\bdm-backend\\src\\controllers\\clauseController.js": {"path":"D:\\BDM_Final\\bdm-backend\\src\\controllers\\clauseController.js","statementMap":{"0":{"start":{"line":2,"column":20},"end":{"line":2,"column":52}},"1":{"start":{"line":3,"column":18},"end":{"line":3,"column":50}},"2":{"start":{"line":4,"column":22},"end":{"line":4,"column":56}},"3":{"start":{"line":5,"column":24},"end":{"line":5,"column":59}},"4":{"start":{"line":14,"column":4},"end":{"line":28,"column":5}},"5":{"start":{"line":15,"column":62},"end":{"line":15,"column":71}},"6":{"start":{"line":17,"column":22},"end":{"line":17,"column":24}},"7":{"start":{"line":18,"column":6},"end":{"line":18,"column":48}},"8":{"start":{"line":18,"column":20},"end":{"line":18,"column":48}},"9":{"start":{"line":19,"column":6},"end":{"line":19,"column":57}},"10":{"start":{"line":19,"column":23},"end":{"line":19,"column":57}},"11":{"start":{"line":20,"column":6},"end":{"line":20,"column":76}},"12":{"start":{"line":20,"column":35},"end":{"line":20,"column":76}},"13":{"start":{"line":21,"column":6},"end":{"line":21,"column":57}},"14":{"start":{"line":21,"column":32},"end":{"line":21,"column":57}},"15":{"start":{"line":23,"column":22},"end":{"line":23,"column":56}},"16":{"start":{"line":25,"column":6},"end":{"line":25,"column":51}},"17":{"start":{"line":27,"column":6},"end":{"line":27,"column":80}},"18":{"start":{"line":32,"column":4},"end":{"line":43,"column":5}},"19":{"start":{"line":33,"column":21},"end":{"line":33,"column":31}},"20":{"start":{"line":34,"column":21},"end":{"line":34,"column":51}},"21":{"start":{"line":36,"column":6},"end":{"line":38,"column":7}},"22":{"start":{"line":37,"column":8},"end":{"line":37,"column":65}},"23":{"start":{"line":40,"column":6},"end":{"line":40,"column":50}},"24":{"start":{"line":42,"column":6},"end":{"line":42,"column":79}},"25":{"start":{"line":47,"column":4},"end":{"line":66,"column":5}},"26":{"start":{"line":48,"column":74},"end":{"line":48,"column":82}},"27":{"start":{"line":50,"column":6},"end":{"line":52,"column":7}},"28":{"start":{"line":51,"column":8},"end":{"line":51,"column":98}},"29":{"start":{"line":54,"column":21},"end":{"line":61,"column":8}},"30":{"start":{"line":63,"column":6},"end":{"line":63,"column":81}},"31":{"start":{"line":65,"column":6},"end":{"line":65,"column":80}},"32":{"start":{"line":70,"column":4},"end":{"line":83,"column":5}},"33":{"start":{"line":71,"column":21},"end":{"line":71,"column":31}},"34":{"start":{"line":72,"column":25},"end":{"line":72,"column":33}},"35":{"start":{"line":74,"column":21},"end":{"line":74,"column":61}},"36":{"start":{"line":76,"column":6},"end":{"line":78,"column":7}},"37":{"start":{"line":77,"column":8},"end":{"line":77,"column":65}},"38":{"start":{"line":80,"column":6},"end":{"line":80,"column":81}},"39":{"start":{"line":82,"column":6},"end":{"line":82,"column":80}},"40":{"start":{"line":87,"column":4},"end":{"line":98,"column":5}},"41":{"start":{"line":88,"column":21},"end":{"line":88,"column":31}},"42":{"start":{"line":89,"column":22},"end":{"line":89,"column":50}},"43":{"start":{"line":91,"column":6},"end":{"line":93,"column":7}},"44":{"start":{"line":92,"column":8},"end":{"line":92,"column":65}},"45":{"start":{"line":95,"column":6},"end":{"line":95,"column":79}},"46":{"start":{"line":97,"column":6},"end":{"line":97,"column":80}},"47":{"start":{"line":102,"column":4},"end":{"line":109,"column":5}},"48":{"start":{"line":103,"column":27},"end":{"line":103,"column":37}},"49":{"start":{"line":104,"column":22},"end":{"line":104,"column":64}},"50":{"start":{"line":106,"column":6},"end":{"line":106,"column":51}},"51":{"start":{"line":108,"column":6},"end":{"line":108,"column":80}},"52":{"start":{"line":117,"column":4},"end":{"line":149,"column":5}},"53":{"start":{"line":118,"column":63},"end":{"line":118,"column":71}},"54":{"start":{"line":121,"column":6},"end":{"line":123,"column":7}},"55":{"start":{"line":122,"column":8},"end":{"line":122,"column":91}},"56":{"start":{"line":125,"column":6},"end":{"line":130,"column":9}},"57":{"start":{"line":132,"column":27},"end":{"line":136,"column":8}},"58":{"start":{"line":138,"column":6},"end":{"line":138,"column":58}},"59":{"start":{"line":140,"column":6},"end":{"line":140,"column":87}},"60":{"start":{"line":142,"column":6},"end":{"line":142,"column":54}},"61":{"start":{"line":144,"column":6},"end":{"line":146,"column":7}},"62":{"start":{"line":145,"column":8},"end":{"line":145,"column":62}},"63":{"start":{"line":148,"column":6},"end":{"line":148,"column":80}},"64":{"start":{"line":153,"column":4},"end":{"line":165,"column":5}},"65":{"start":{"line":154,"column":22},"end":{"line":154,"column":41}},"66":{"start":{"line":156,"column":6},"end":{"line":158,"column":7}},"67":{"start":{"line":157,"column":8},"end":{"line":157,"column":46}},"68":{"start":{"line":160,"column":28},"end":{"line":160,"column":62}},"69":{"start":{"line":162,"column":6},"end":{"line":162,"column":57}},"70":{"start":{"line":164,"column":6},"end":{"line":164,"column":87}},"71":{"start":{"line":173,"column":4},"end":{"line":194,"column":5}},"72":{"start":{"line":174,"column":21},"end":{"line":174,"column":31}},"73":{"start":{"line":175,"column":28},"end":{"line":175,"column":36}},"74":{"start":{"line":177,"column":6},"end":{"line":179,"column":7}},"75":{"start":{"line":178,"column":8},"end":{"line":178,"column":75}},"76":{"start":{"line":181,"column":22},"end":{"line":181,"column":67}},"77":{"start":{"line":183,"column":6},"end":{"line":185,"column":7}},"78":{"start":{"line":184,"column":8},"end":{"line":184,"column":65}},"79":{"start":{"line":187,"column":6},"end":{"line":191,"column":8}},"80":{"start":{"line":193,"column":6},"end":{"line":193,"column":87}},"81":{"start":{"line":198,"column":4},"end":{"line":205,"column":5}},"82":{"start":{"line":199,"column":27},"end":{"line":199,"column":36}},"83":{"start":{"line":200,"column":22},"end":{"line":200,"column":64}},"84":{"start":{"line":202,"column":6},"end":{"line":202,"column":51}},"85":{"start":{"line":204,"column":6},"end":{"line":204,"column":87}},"86":{"start":{"line":209,"column":4},"end":{"line":223,"column":5}},"87":{"start":{"line":210,"column":21},"end":{"line":210,"column":31}},"88":{"start":{"line":211,"column":27},"end":{"line":211,"column":48}},"89":{"start":{"line":213,"column":21},"end":{"line":213,"column":68}},"90":{"start":{"line":215,"column":6},"end":{"line":215,"column":87}},"91":{"start":{"line":217,"column":6},"end":{"line":220,"column":7}},"92":{"start":{"line":219,"column":8},"end":{"line":219,"column":60}},"93":{"start":{"line":222,"column":6},"end":{"line":222,"column":86}},"94":{"start":{"line":231,"column":4},"end":{"line":271,"column":5}},"95":{"start":{"line":232,"column":56},"end":{"line":232,"column":64}},"96":{"start":{"line":234,"column":6},"end":{"line":236,"column":7}},"97":{"start":{"line":235,"column":8},"end":{"line":235,"column":76}},"98":{"start":{"line":238,"column":6},"end":{"line":238,"column":71}},"99":{"start":{"line":240,"column":23},"end":{"line":240,"column":78}},"100":{"start":{"line":242,"column":6},"end":{"line":244,"column":7}},"101":{"start":{"line":243,"column":8},"end":{"line":243,"column":87}},"102":{"start":{"line":246,"column":31},"end":{"line":251,"column":9}},"103":{"start":{"line":246,"column":63},"end":{"line":251,"column":7}},"104":{"start":{"line":254,"column":6},"end":{"line":259,"column":9}},"105":{"start":{"line":261,"column":6},"end":{"line":266,"column":46}},"106":{"start":{"line":269,"column":6},"end":{"line":269,"column":58}},"107":{"start":{"line":270,"column":6},"end":{"line":270,"column":91}},"108":{"start":{"line":275,"column":4},"end":{"line":311,"column":5}},"109":{"start":{"line":276,"column":26},"end":{"line":276,"column":34}},"110":{"start":{"line":278,"column":6},"end":{"line":280,"column":7}},"111":{"start":{"line":279,"column":8},"end":{"line":279,"column":76}},"112":{"start":{"line":282,"column":6},"end":{"line":282,"column":69}},"113":{"start":{"line":285,"column":6},"end":{"line":292,"column":7}},"114":{"start":{"line":286,"column":8},"end":{"line":291,"column":9}},"115":{"start":{"line":287,"column":10},"end":{"line":290,"column":12}},"116":{"start":{"line":294,"column":27},"end":{"line":302,"column":7}},"117":{"start":{"line":295,"column":31},"end":{"line":301,"column":9}},"118":{"start":{"line":304,"column":6},"end":{"line":307,"column":52}},"119":{"start":{"line":310,"column":6},"end":{"line":310,"column":92}},"120":{"start":{"line":315,"column":4},"end":{"line":353,"column":5}},"121":{"start":{"line":316,"column":54},"end":{"line":316,"column":62}},"122":{"start":{"line":318,"column":6},"end":{"line":320,"column":7}},"123":{"start":{"line":319,"column":8},"end":{"line":319,"column":88}},"124":{"start":{"line":322,"column":6},"end":{"line":322,"column":84}},"125":{"start":{"line":324,"column":23},"end":{"line":324,"column":91}},"126":{"start":{"line":326,"column":6},"end":{"line":328,"column":7}},"127":{"start":{"line":327,"column":8},"end":{"line":327,"column":87}},"128":{"start":{"line":330,"column":25},"end":{"line":336,"column":7}},"129":{"start":{"line":338,"column":26},"end":{"line":338,"column":68}},"130":{"start":{"line":341,"column":6},"end":{"line":346,"column":9}},"131":{"start":{"line":348,"column":6},"end":{"line":348,"column":88}},"132":{"start":{"line":351,"column":6},"end":{"line":351,"column":65}},"133":{"start":{"line":352,"column":6},"end":{"line":352,"column":89}},"134":{"start":{"line":357,"column":0},"end":{"line":357,"column":40}}},"fnMap":{"0":{"name":"(anonymous_0)","decl":{"start":{"line":13,"column":2},"end":{"line":13,"column":3}},"loc":{"start":{"line":13,"column":32},"end":{"line":29,"column":3}},"line":13},"1":{"name":"(anonymous_1)","decl":{"start":{"line":31,"column":2},"end":{"line":31,"column":3}},"loc":{"start":{"line":31,"column":32},"end":{"line":44,"column":3}},"line":31},"2":{"name":"(anonymous_2)","decl":{"start":{"line":46,"column":2},"end":{"line":46,"column":3}},"loc":{"start":{"line":46,"column":39},"end":{"line":67,"column":3}},"line":46},"3":{"name":"(anonymous_3)","decl":{"start":{"line":69,"column":2},"end":{"line":69,"column":3}},"loc":{"start":{"line":69,"column":31},"end":{"line":84,"column":3}},"line":69},"4":{"name":"(anonymous_4)","decl":{"start":{"line":86,"column":2},"end":{"line":86,"column":3}},"loc":{"start":{"line":86,"column":31},"end":{"line":99,"column":3}},"line":86},"5":{"name":"(anonymous_5)","decl":{"start":{"line":101,"column":2},"end":{"line":101,"column":3}},"loc":{"start":{"line":101,"column":39},"end":{"line":110,"column":3}},"line":101},"6":{"name":"(anonymous_6)","decl":{"start":{"line":116,"column":2},"end":{"line":116,"column":3}},"loc":{"start":{"line":116,"column":31},"end":{"line":150,"column":3}},"line":116},"7":{"name":"(anonymous_7)","decl":{"start":{"line":152,"column":2},"end":{"line":152,"column":3}},"loc":{"start":{"line":152,"column":35},"end":{"line":166,"column":3}},"line":152},"8":{"name":"(anonymous_8)","decl":{"start":{"line":172,"column":2},"end":{"line":172,"column":3}},"loc":{"start":{"line":172,"column":31},"end":{"line":195,"column":3}},"line":172},"9":{"name":"(anonymous_9)","decl":{"start":{"line":197,"column":2},"end":{"line":197,"column":3}},"loc":{"start":{"line":197,"column":32},"end":{"line":206,"column":3}},"line":197},"10":{"name":"(anonymous_10)","decl":{"start":{"line":208,"column":2},"end":{"line":208,"column":3}},"loc":{"start":{"line":208,"column":36},"end":{"line":224,"column":3}},"line":208},"11":{"name":"(anonymous_11)","decl":{"start":{"line":230,"column":2},"end":{"line":230,"column":3}},"loc":{"start":{"line":230,"column":40},"end":{"line":272,"column":3}},"line":230},"12":{"name":"(anonymous_12)","decl":{"start":{"line":246,"column":52},"end":{"line":246,"column":53}},"loc":{"start":{"line":246,"column":63},"end":{"line":251,"column":7}},"line":246},"13":{"name":"(anonymous_13)","decl":{"start":{"line":274,"column":2},"end":{"line":274,"column":3}},"loc":{"start":{"line":274,"column":41},"end":{"line":312,"column":3}},"line":274},"14":{"name":"(anonymous_14)","decl":{"start":{"line":295,"column":20},"end":{"line":295,"column":21}},"loc":{"start":{"line":295,"column":31},"end":{"line":301,"column":9}},"line":295},"15":{"name":"(anonymous_15)","decl":{"start":{"line":314,"column":2},"end":{"line":314,"column":3}},"loc":{"start":{"line":314,"column":45},"end":{"line":354,"column":3}},"line":314}},"branchMap":{"0":{"loc":{"start":{"line":18,"column":6},"end":{"line":18,"column":48}},"type":"if","locations":[{"start":{"line":18,"column":6},"end":{"line":18,"column":48}},{"start":{},"end":{}}],"line":18},"1":{"loc":{"start":{"line":19,"column":6},"end":{"line":19,"column":57}},"type":"if","locations":[{"start":{"line":19,"column":6},"end":{"line":19,"column":57}},{"start":{},"end":{}}],"line":19},"2":{"loc":{"start":{"line":20,"column":6},"end":{"line":20,"column":76}},"type":"if","locations":[{"start":{"line":20,"column":6},"end":{"line":20,"column":76}},{"start":{},"end":{}}],"line":20},"3":{"loc":{"start":{"line":21,"column":6},"end":{"line":21,"column":57}},"type":"if","locations":[{"start":{"line":21,"column":6},"end":{"line":21,"column":57}},{"start":{},"end":{}}],"line":21},"4":{"loc":{"start":{"line":36,"column":6},"end":{"line":38,"column":7}},"type":"if","locations":[{"start":{"line":36,"column":6},"end":{"line":38,"column":7}},{"start":{},"end":{}}],"line":36},"5":{"loc":{"start":{"line":50,"column":6},"end":{"line":52,"column":7}},"type":"if","locations":[{"start":{"line":50,"column":6},"end":{"line":52,"column":7}},{"start":{},"end":{}}],"line":50},"6":{"loc":{"start":{"line":50,"column":10},"end":{"line":50,"column":47}},"type":"binary-expr","locations":[{"start":{"line":50,"column":10},"end":{"line":50,"column":22}},{"start":{"line":50,"column":26},"end":{"line":50,"column":34}},{"start":{"line":50,"column":38},"end":{"line":50,"column":47}}],"line":50},"7":{"loc":{"start":{"line":57,"column":22},"end":{"line":57,"column":42}},"type":"binary-expr","locations":[{"start":{"line":57,"column":22},"end":{"line":57,"column":34}},{"start":{"line":57,"column":38},"end":{"line":57,"column":42}}],"line":57},"8":{"loc":{"start":{"line":60,"column":19},"end":{"line":60,"column":37}},"type":"binary-expr","locations":[{"start":{"line":60,"column":19},"end":{"line":60,"column":28}},{"start":{"line":60,"column":32},"end":{"line":60,"column":37}}],"line":60},"9":{"loc":{"start":{"line":76,"column":6},"end":{"line":78,"column":7}},"type":"if","locations":[{"start":{"line":76,"column":6},"end":{"line":78,"column":7}},{"start":{},"end":{}}],"line":76},"10":{"loc":{"start":{"line":91,"column":6},"end":{"line":93,"column":7}},"type":"if","locations":[{"start":{"line":91,"column":6},"end":{"line":93,"column":7}},{"start":{},"end":{}}],"line":91},"11":{"loc":{"start":{"line":121,"column":6},"end":{"line":123,"column":7}},"type":"if","locations":[{"start":{"line":121,"column":6},"end":{"line":123,"column":7}},{"start":{},"end":{}}],"line":121},"12":{"loc":{"start":{"line":121,"column":10},"end":{"line":121,"column":61}},"type":"binary-expr","locations":[{"start":{"line":121,"column":10},"end":{"line":121,"column":36}},{"start":{"line":121,"column":40},"end":{"line":121,"column":61}}],"line":121},"13":{"loc":{"start":{"line":144,"column":6},"end":{"line":146,"column":7}},"type":"if","locations":[{"start":{"line":144,"column":6},"end":{"line":146,"column":7}},{"start":{},"end":{}}],"line":144},"14":{"loc":{"start":{"line":156,"column":6},"end":{"line":158,"column":7}},"type":"if","locations":[{"start":{"line":156,"column":6},"end":{"line":158,"column":7}},{"start":{},"end":{}}],"line":156},"15":{"loc":{"start":{"line":177,"column":6},"end":{"line":179,"column":7}},"type":"if","locations":[{"start":{"line":177,"column":6},"end":{"line":179,"column":7}},{"start":{},"end":{}}],"line":177},"16":{"loc":{"start":{"line":183,"column":6},"end":{"line":185,"column":7}},"type":"if","locations":[{"start":{"line":183,"column":6},"end":{"line":185,"column":7}},{"start":{},"end":{}}],"line":183},"17":{"loc":{"start":{"line":190,"column":8},"end":{"line":190,"column":61}},"type":"cond-expr","locations":[{"start":{"line":190,"column":20},"end":{"line":190,"column":38}},{"start":{"line":190,"column":41},"end":{"line":190,"column":61}}],"line":190},"18":{"loc":{"start":{"line":211,"column":27},"end":{"line":211,"column":48}},"type":"binary-expr","locations":[{"start":{"line":211,"column":27},"end":{"line":211,"column":35}},{"start":{"line":211,"column":39},"end":{"line":211,"column":48}}],"line":211},"19":{"loc":{"start":{"line":217,"column":6},"end":{"line":220,"column":7}},"type":"if","locations":[{"start":{"line":217,"column":6},"end":{"line":220,"column":7}},{"start":{},"end":{}}],"line":217},"20":{"loc":{"start":{"line":217,"column":10},"end":{"line":218,"column":62}},"type":"binary-expr","locations":[{"start":{"line":217,"column":10},"end":{"line":217,"column":53}},{"start":{"line":218,"column":10},"end":{"line":218,"column":62}}],"line":217},"21":{"loc":{"start":{"line":232,"column":39},"end":{"line":232,"column":51}},"type":"default-arg","locations":[{"start":{"line":232,"column":49},"end":{"line":232,"column":51}}],"line":232},"22":{"loc":{"start":{"line":234,"column":6},"end":{"line":236,"column":7}},"type":"if","locations":[{"start":{"line":234,"column":6},"end":{"line":236,"column":7}},{"start":{},"end":{}}],"line":234},"23":{"loc":{"start":{"line":242,"column":6},"end":{"line":244,"column":7}},"type":"if","locations":[{"start":{"line":242,"column":6},"end":{"line":244,"column":7}},{"start":{},"end":{}}],"line":242},"24":{"loc":{"start":{"line":248,"column":18},"end":{"line":248,"column":43}},"type":"binary-expr","locations":[{"start":{"line":248,"column":18},"end":{"line":248,"column":26}},{"start":{"line":248,"column":30},"end":{"line":248,"column":43}}],"line":248},"25":{"loc":{"start":{"line":278,"column":6},"end":{"line":280,"column":7}},"type":"if","locations":[{"start":{"line":278,"column":6},"end":{"line":280,"column":7}},{"start":{},"end":{}}],"line":278},"26":{"loc":{"start":{"line":278,"column":10},"end":{"line":278,"column":69}},"type":"binary-expr","locations":[{"start":{"line":278,"column":10},"end":{"line":278,"column":18}},{"start":{"line":278,"column":22},"end":{"line":278,"column":45}},{"start":{"line":278,"column":49},"end":{"line":278,"column":69}}],"line":278},"27":{"loc":{"start":{"line":286,"column":8},"end":{"line":291,"column":9}},"type":"if","locations":[{"start":{"line":286,"column":8},"end":{"line":291,"column":9}},{"start":{},"end":{}}],"line":286},"28":{"loc":{"start":{"line":286,"column":12},"end":{"line":286,"column":70}},"type":"binary-expr","locations":[{"start":{"line":286,"column":12},"end":{"line":286,"column":31}},{"start":{"line":286,"column":35},"end":{"line":286,"column":50}},{"start":{"line":286,"column":54},"end":{"line":286,"column":70}}],"line":286},"29":{"loc":{"start":{"line":298,"column":24},"end":{"line":298,"column":51}},"type":"binary-expr","locations":[{"start":{"line":298,"column":24},"end":{"line":298,"column":43}},{"start":{"line":298,"column":47},"end":{"line":298,"column":51}}],"line":298},"30":{"loc":{"start":{"line":316,"column":37},"end":{"line":316,"column":49}},"type":"default-arg","locations":[{"start":{"line":316,"column":47},"end":{"line":316,"column":49}}],"line":316},"31":{"loc":{"start":{"line":318,"column":6},"end":{"line":320,"column":7}},"type":"if","locations":[{"start":{"line":318,"column":6},"end":{"line":320,"column":7}},{"start":{},"end":{}}],"line":318},"32":{"loc":{"start":{"line":318,"column":10},"end":{"line":318,"column":35}},"type":"binary-expr","locations":[{"start":{"line":318,"column":10},"end":{"line":318,"column":22}},{"start":{"line":318,"column":26},"end":{"line":318,"column":35}}],"line":318},"33":{"loc":{"start":{"line":326,"column":6},"end":{"line":328,"column":7}},"type":"if","locations":[{"start":{"line":326,"column":6},"end":{"line":328,"column":7}},{"start":{},"end":{}}],"line":326},"34":{"loc":{"start":{"line":333,"column":22},"end":{"line":333,"column":58}},"type":"binary-expr","locations":[{"start":{"line":333,"column":22},"end":{"line":333,"column":50}},{"start":{"line":333,"column":54},"end":{"line":333,"column":58}}],"line":333}},"s":{"0":1,"1":1,"2":1,"3":1,"4":2,"5":2,"6":2,"7":2,"8":1,"9":2,"10":0,"11":2,"12":0,"13":2,"14":0,"15":2,"16":2,"17":0,"18":2,"19":2,"20":2,"21":2,"22":1,"23":1,"24":0,"25":2,"26":2,"27":2,"28":1,"29":1,"30":1,"31":0,"32":2,"33":2,"34":2,"35":2,"36":2,"37":1,"38":1,"39":0,"40":2,"41":2,"42":2,"43":2,"44":1,"45":1,"46":0,"47":0,"48":0,"49":0,"50":0,"51":0,"52":2,"53":2,"54":2,"55":0,"56":2,"57":2,"58":1,"59":1,"60":1,"61":1,"62":1,"63":0,"64":0,"65":0,"66":0,"67":0,"68":0,"69":0,"70":0,"71":0,"72":0,"73":0,"74":0,"75":0,"76":0,"77":0,"78":0,"79":0,"80":0,"81":0,"82":0,"83":0,"84":0,"85":0,"86":0,"87":0,"88":0,"89":0,"90":0,"91":0,"92":0,"93":0,"94":0,"95":0,"96":0,"97":0,"98":0,"99":0,"100":0,"101":0,"102":0,"103":0,"104":0,"105":0,"106":0,"107":0,"108":0,"109":0,"110":0,"111":0,"112":0,"113":0,"114":0,"115":0,"116":0,"117":0,"118":0,"119":0,"120":0,"121":0,"122":0,"123":0,"124":0,"125":0,"126":0,"127":0,"128":0,"129":0,"130":0,"131":0,"132":0,"133":0,"134":1},"f":{"0":2,"1":2,"2":2,"3":2,"4":2,"5":0,"6":2,"7":0,"8":0,"9":0,"10":0,"11":0,"12":0,"13":0,"14":0,"15":0},"b":{"0":[1,1],"1":[0,2],"2":[0,2],"3":[0,2],"4":[1,1],"5":[1,1],"6":[2,2,1],"7":[1,1],"8":[1,1],"9":[1,1],"10":[1,1],"11":[0,2],"12":[2,2],"13":[1,0],"14":[0,0],"15":[0,0],"16":[0,0],"17":[0,0],"18":[0,0],"19":[0,0],"20":[0,0],"21":[0],"22":[0,0],"23":[0,0],"24":[0,0],"25":[0,0],"26":[0,0,0],"27":[0,0],"28":[0,0,0],"29":[0,0],"30":[0],"31":[0,0],"32":[0,0],"33":[0,0],"34":[0,0]},"_coverageSchema":"1a1c01bbd47fc00a2c39e90264f33305004495a9","hash":"7ab084251287acce082346fb46837ea7ea8b4e83"}
,"D:\\BDM_Final\\bdm-backend\\src\\controllers\\documentController.js": {"path":"D:\\BDM_Final\\bdm-backend\\src\\controllers\\documentController.js","statementMap":{"0":{"start":{"line":3,"column":18},"end":{"line":3,"column":50}},"1":{"start":{"line":4,"column":20},"end":{"line":4,"column":52}},"2":{"start":{"line":5,"column":22},"end":{"line":5,"column":56}},"3":{"start":{"line":6,"column":22},"end":{"line":6,"column":56}},"4":{"start":{"line":7,"column":24},"end":{"line":7,"column":59}},"5":{"start":{"line":8,"column":13},"end":{"line":8,"column":28}},"6":{"start":{"line":9,"column":14},"end":{"line":9,"column":30}},"7":{"start":{"line":10,"column":19},"end":{"line":10,"column":52}},"8":{"start":{"line":13,"column":17},"end":{"line":13,"column":46}},"9":{"start":{"line":21,"column":14},"end":{"line":27,"column":3}},"10":{"start":{"line":28,"column":2},"end":{"line":28,"column":61}},"11":{"start":{"line":28,"column":53},"end":{"line":28,"column":59}},"12":{"start":{"line":33,"column":23},"end":{"line":33,"column":32}},"13":{"start":{"line":34,"column":2},"end":{"line":46,"column":3}},"14":{"start":{"line":35,"column":4},"end":{"line":45,"column":7}},"15":{"start":{"line":36,"column":6},"end":{"line":44,"column":7}},"16":{"start":{"line":37,"column":24},"end":{"line":37,"column":61}},"17":{"start":{"line":38,"column":8},"end":{"line":43,"column":9}},"18":{"start":{"line":39,"column":10},"end":{"line":42,"column":13}},"19":{"start":{"line":40,"column":25},"end":{"line":40,"column":60}},"20":{"start":{"line":41,"column":12},"end":{"line":41,"column":45}},"21":{"start":{"line":41,"column":22},"end":{"line":41,"column":45}},"22":{"start":{"line":47,"column":2},"end":{"line":47,"column":34}},"23":{"start":{"line":52,"column":2},"end":{"line":56,"column":29}},"24":{"start":{"line":61,"column":13},"end":{"line":61,"column":77}},"25":{"start":{"line":62,"column":2},"end":{"line":62,"column":71}},"26":{"start":{"line":63,"column":2},"end":{"line":63,"column":31}},"27":{"start":{"line":63,"column":13},"end":{"line":63,"column":31}},"28":{"start":{"line":64,"column":2},"end":{"line":64,"column":54}},"29":{"start":{"line":69,"column":2},"end":{"line":69,"column":59}},"30":{"start":{"line":69,"column":47},"end":{"line":69,"column":59}},"31":{"start":{"line":71,"column":18},"end":{"line":71,"column":20}},"32":{"start":{"line":72,"column":2},"end":{"line":77,"column":5}},"33":{"start":{"line":73,"column":15},"end":{"line":73,"column":32}},"34":{"start":{"line":74,"column":4},"end":{"line":76,"column":5}},"35":{"start":{"line":75,"column":6},"end":{"line":75,"column":26}},"36":{"start":{"line":79,"column":24},"end":{"line":88,"column":3}},"37":{"start":{"line":90,"column":2},"end":{"line":92,"column":3}},"38":{"start":{"line":91,"column":4},"end":{"line":91,"column":38}},"39":{"start":{"line":91,"column":20},"end":{"line":91,"column":38}},"40":{"start":{"line":94,"column":2},"end":{"line":98,"column":3}},"41":{"start":{"line":95,"column":4},"end":{"line":97,"column":5}},"42":{"start":{"line":96,"column":6},"end":{"line":96,"column":17}},"43":{"start":{"line":100,"column":2},"end":{"line":100,"column":14}},"44":{"start":{"line":104,"column":2},"end":{"line":104,"column":56}},"45":{"start":{"line":117,"column":4},"end":{"line":210,"column":5}},"46":{"start":{"line":118,"column":83},"end":{"line":118,"column":91}},"47":{"start":{"line":121,"column":6},"end":{"line":135,"column":7}},"48":{"start":{"line":122,"column":8},"end":{"line":124,"column":9}},"49":{"start":{"line":123,"column":10},"end":{"line":123,"column":97}},"50":{"start":{"line":126,"column":25},"end":{"line":132,"column":10}},"51":{"start":{"line":134,"column":8},"end":{"line":134,"column":91}},"52":{"start":{"line":138,"column":6},"end":{"line":169,"column":7}},"53":{"start":{"line":139,"column":25},"end":{"line":139,"column":66}},"54":{"start":{"line":140,"column":8},"end":{"line":142,"column":9}},"55":{"start":{"line":141,"column":10},"end":{"line":141,"column":69}},"56":{"start":{"line":144,"column":28},"end":{"line":144,"column":63}},"57":{"start":{"line":146,"column":8},"end":{"line":156,"column":9}},"58":{"start":{"line":147,"column":10},"end":{"line":155,"column":13}},"59":{"start":{"line":148,"column":29},"end":{"line":148,"column":58}},"60":{"start":{"line":149,"column":12},"end":{"line":153,"column":15}},"61":{"start":{"line":150,"column":28},"end":{"line":150,"column":70}},"62":{"start":{"line":151,"column":30},"end":{"line":151,"column":83}},"63":{"start":{"line":152,"column":14},"end":{"line":152,"column":90}},"64":{"start":{"line":154,"column":12},"end":{"line":154,"column":54}},"65":{"start":{"line":158,"column":26},"end":{"line":158,"column":84}},"66":{"start":{"line":160,"column":25},"end":{"line":166,"column":10}},"67":{"start":{"line":168,"column":8},"end":{"line":168,"column":104}},"68":{"start":{"line":172,"column":6},"end":{"line":174,"column":7}},"69":{"start":{"line":173,"column":8},"end":{"line":173,"column":94}},"70":{"start":{"line":176,"column":23},"end":{"line":176,"column":84}},"71":{"start":{"line":177,"column":6},"end":{"line":179,"column":7}},"72":{"start":{"line":178,"column":8},"end":{"line":178,"column":78}},"73":{"start":{"line":181,"column":25},"end":{"line":181,"column":54}},"74":{"start":{"line":183,"column":6},"end":{"line":193,"column":7}},"75":{"start":{"line":184,"column":8},"end":{"line":192,"column":11}},"76":{"start":{"line":185,"column":21},"end":{"line":185,"column":50}},"77":{"start":{"line":186,"column":10},"end":{"line":190,"column":13}},"78":{"start":{"line":187,"column":26},"end":{"line":187,"column":68}},"79":{"start":{"line":188,"column":28},"end":{"line":188,"column":81}},"80":{"start":{"line":189,"column":12},"end":{"line":189,"column":76}},"81":{"start":{"line":191,"column":10},"end":{"line":191,"column":46}},"82":{"start":{"line":195,"column":27},"end":{"line":195,"column":79}},"83":{"start":{"line":197,"column":23},"end":{"line":203,"column":8}},"84":{"start":{"line":205,"column":6},"end":{"line":205,"column":110}},"85":{"start":{"line":208,"column":6},"end":{"line":208,"column":52}},"86":{"start":{"line":209,"column":6},"end":{"line":209,"column":82}},"87":{"start":{"line":215,"column":4},"end":{"line":345,"column":5}},"88":{"start":{"line":216,"column":30},"end":{"line":216,"column":38}},"89":{"start":{"line":217,"column":19},"end":{"line":217,"column":27}},"90":{"start":{"line":219,"column":6},"end":{"line":221,"column":7}},"91":{"start":{"line":220,"column":8},"end":{"line":220,"column":74}},"92":{"start":{"line":222,"column":6},"end":{"line":224,"column":7}},"93":{"start":{"line":223,"column":8},"end":{"line":223,"column":94}},"94":{"start":{"line":226,"column":23},"end":{"line":226,"column":64}},"95":{"start":{"line":227,"column":6},"end":{"line":229,"column":7}},"96":{"start":{"line":228,"column":8},"end":{"line":228,"column":67}},"97":{"start":{"line":231,"column":27},"end":{"line":231,"column":68}},"98":{"start":{"line":233,"column":23},"end":{"line":233,"column":65}},"99":{"start":{"line":234,"column":20},"end":{"line":234,"column":59}},"100":{"start":{"line":235,"column":19},"end":{"line":235,"column":66}},"101":{"start":{"line":237,"column":6},"end":{"line":239,"column":7}},"102":{"start":{"line":238,"column":8},"end":{"line":238,"column":80}},"103":{"start":{"line":241,"column":30},"end":{"line":241,"column":50}},"104":{"start":{"line":242,"column":31},"end":{"line":242,"column":64}},"105":{"start":{"line":244,"column":22},"end":{"line":247,"column":8}},"106":{"start":{"line":245,"column":23},"end":{"line":245,"column":39}},"107":{"start":{"line":246,"column":8},"end":{"line":246,"column":83}},"108":{"start":{"line":249,"column":6},"end":{"line":255,"column":7}},"109":{"start":{"line":250,"column":8},"end":{"line":254,"column":10}},"110":{"start":{"line":257,"column":18},"end":{"line":257,"column":29}},"111":{"start":{"line":258,"column":27},"end":{"line":258,"column":58}},"112":{"start":{"line":260,"column":21},"end":{"line":260,"column":22}},"113":{"start":{"line":262,"column":6},"end":{"line":327,"column":7}},"114":{"start":{"line":263,"column":8},"end":{"line":263,"column":19}},"115":{"start":{"line":265,"column":30},"end":{"line":265,"column":32}},"116":{"start":{"line":266,"column":8},"end":{"line":269,"column":9}},"117":{"start":{"line":267,"column":21},"end":{"line":267,"column":38}},"118":{"start":{"line":268,"column":10},"end":{"line":268,"column":60}},"119":{"start":{"line":268,"column":34},"end":{"line":268,"column":60}},"120":{"start":{"line":271,"column":24},"end":{"line":271,"column":26}},"121":{"start":{"line":272,"column":8},"end":{"line":277,"column":11}},"122":{"start":{"line":273,"column":25},"end":{"line":273,"column":41}},"123":{"start":{"line":274,"column":22},"end":{"line":274,"column":29}},"124":{"start":{"line":275,"column":10},"end":{"line":275,"column":65}},"125":{"start":{"line":275,"column":35},"end":{"line":275,"column":65}},"126":{"start":{"line":276,"column":10},"end":{"line":276,"column":36}},"127":{"start":{"line":279,"column":28},"end":{"line":281,"column":9}},"128":{"start":{"line":280,"column":16},"end":{"line":280,"column":65}},"129":{"start":{"line":282,"column":8},"end":{"line":288,"column":9}},"130":{"start":{"line":283,"column":10},"end":{"line":287,"column":12}},"131":{"start":{"line":290,"column":27},"end":{"line":290,"column":56}},"132":{"start":{"line":291,"column":8},"end":{"line":297,"column":9}},"133":{"start":{"line":292,"column":10},"end":{"line":296,"column":12}},"134":{"start":{"line":299,"column":24},"end":{"line":299,"column":52}},"135":{"start":{"line":300,"column":25},"end":{"line":300,"column":53}},"136":{"start":{"line":302,"column":28},"end":{"line":302,"column":63}},"137":{"start":{"line":304,"column":8},"end":{"line":311,"column":11}},"138":{"start":{"line":305,"column":21},"end":{"line":305,"column":35}},"139":{"start":{"line":306,"column":10},"end":{"line":309,"column":13}},"140":{"start":{"line":307,"column":28},"end":{"line":307,"column":72}},"141":{"start":{"line":308,"column":12},"end":{"line":308,"column":82}},"142":{"start":{"line":310,"column":10},"end":{"line":310,"column":46}},"143":{"start":{"line":313,"column":25},"end":{"line":319,"column":10}},"144":{"start":{"line":321,"column":26},"end":{"line":321,"column":64}},"145":{"start":{"line":322,"column":8},"end":{"line":324,"column":9}},"146":{"start":{"line":323,"column":10},"end":{"line":323,"column":94}},"147":{"start":{"line":326,"column":8},"end":{"line":326,"column":47}},"148":{"start":{"line":329,"column":24},"end":{"line":333,"column":8}},"149":{"start":{"line":335,"column":6},"end":{"line":338,"column":9}},"150":{"start":{"line":340,"column":6},"end":{"line":340,"column":32}},"151":{"start":{"line":343,"column":6},"end":{"line":343,"column":59}},"152":{"start":{"line":344,"column":6},"end":{"line":344,"column":72}},"153":{"start":{"line":350,"column":4},"end":{"line":451,"column":5}},"154":{"start":{"line":351,"column":32},"end":{"line":351,"column":40}},"155":{"start":{"line":352,"column":19},"end":{"line":352,"column":27}},"156":{"start":{"line":354,"column":6},"end":{"line":356,"column":7}},"157":{"start":{"line":355,"column":8},"end":{"line":355,"column":76}},"158":{"start":{"line":357,"column":6},"end":{"line":359,"column":7}},"159":{"start":{"line":358,"column":8},"end":{"line":358,"column":73}},"160":{"start":{"line":361,"column":23},"end":{"line":361,"column":65}},"161":{"start":{"line":362,"column":20},"end":{"line":362,"column":59}},"162":{"start":{"line":363,"column":19},"end":{"line":363,"column":66}},"163":{"start":{"line":365,"column":6},"end":{"line":367,"column":7}},"164":{"start":{"line":366,"column":8},"end":{"line":366,"column":71}},"165":{"start":{"line":369,"column":18},"end":{"line":369,"column":29}},"166":{"start":{"line":370,"column":21},"end":{"line":370,"column":22}},"167":{"start":{"line":372,"column":6},"end":{"line":437,"column":7}},"168":{"start":{"line":373,"column":8},"end":{"line":373,"column":19}},"169":{"start":{"line":375,"column":24},"end":{"line":375,"column":26}},"170":{"start":{"line":376,"column":8},"end":{"line":378,"column":11}},"171":{"start":{"line":377,"column":10},"end":{"line":377,"column":45}},"172":{"start":{"line":380,"column":25},"end":{"line":380,"column":76}},"173":{"start":{"line":382,"column":8},"end":{"line":388,"column":9}},"174":{"start":{"line":383,"column":10},"end":{"line":387,"column":12}},"175":{"start":{"line":390,"column":29},"end":{"line":404,"column":10}},"176":{"start":{"line":391,"column":21},"end":{"line":391,"column":30}},"177":{"start":{"line":393,"column":10},"end":{"line":396,"column":13}},"178":{"start":{"line":394,"column":37},"end":{"line":394,"column":114}},"179":{"start":{"line":395,"column":12},"end":{"line":395,"column":57}},"180":{"start":{"line":398,"column":10},"end":{"line":401,"column":13}},"181":{"start":{"line":399,"column":28},"end":{"line":399,"column":76}},"182":{"start":{"line":400,"column":12},"end":{"line":400,"column":76}},"183":{"start":{"line":403,"column":10},"end":{"line":403,"column":41}},"184":{"start":{"line":407,"column":10},"end":{"line":416,"column":26}},"185":{"start":{"line":415,"column":39},"end":{"line":415,"column":67}},"186":{"start":{"line":418,"column":32},"end":{"line":418,"column":86}},"187":{"start":{"line":419,"column":29},"end":{"line":419,"column":71}},"188":{"start":{"line":420,"column":30},"end":{"line":420,"column":66}},"189":{"start":{"line":422,"column":25},"end":{"line":428,"column":10}},"190":{"start":{"line":430,"column":26},"end":{"line":430,"column":64}},"191":{"start":{"line":432,"column":8},"end":{"line":434,"column":9}},"192":{"start":{"line":433,"column":10},"end":{"line":433,"column":94}},"193":{"start":{"line":436,"column":8},"end":{"line":436,"column":52}},"194":{"start":{"line":439,"column":24},"end":{"line":439,"column":71}},"195":{"start":{"line":441,"column":6},"end":{"line":444,"column":9}},"196":{"start":{"line":446,"column":6},"end":{"line":446,"column":32}},"197":{"start":{"line":449,"column":6},"end":{"line":449,"column":51}},"198":{"start":{"line":450,"column":6},"end":{"line":450,"column":86}},"199":{"start":{"line":456,"column":4},"end":{"line":468,"column":5}},"200":{"start":{"line":457,"column":32},"end":{"line":457,"column":41}},"201":{"start":{"line":458,"column":22},"end":{"line":458,"column":24}},"202":{"start":{"line":460,"column":6},"end":{"line":460,"column":63}},"203":{"start":{"line":460,"column":25},"end":{"line":460,"column":63}},"204":{"start":{"line":462,"column":24},"end":{"line":462,"column":60}},"205":{"start":{"line":463,"column":6},"end":{"line":463,"column":53}},"206":{"start":{"line":466,"column":6},"end":{"line":466,"column":58}},"207":{"start":{"line":467,"column":6},"end":{"line":467,"column":80}},"208":{"start":{"line":473,"column":4},"end":{"line":486,"column":5}},"209":{"start":{"line":474,"column":21},"end":{"line":474,"column":31}},"210":{"start":{"line":476,"column":23},"end":{"line":476,"column":55}},"211":{"start":{"line":477,"column":6},"end":{"line":479,"column":7}},"212":{"start":{"line":478,"column":8},"end":{"line":478,"column":67}},"213":{"start":{"line":481,"column":6},"end":{"line":481,"column":52}},"214":{"start":{"line":484,"column":6},"end":{"line":484,"column":53}},"215":{"start":{"line":485,"column":6},"end":{"line":485,"column":79}},"216":{"start":{"line":493,"column":4},"end":{"line":508,"column":5}},"217":{"start":{"line":494,"column":21},"end":{"line":494,"column":31}},"218":{"start":{"line":495,"column":25},"end":{"line":495,"column":33}},"219":{"start":{"line":497,"column":22},"end":{"line":497,"column":64}},"220":{"start":{"line":499,"column":6},"end":{"line":501,"column":7}},"221":{"start":{"line":500,"column":8},"end":{"line":500,"column":67}},"222":{"start":{"line":503,"column":6},"end":{"line":503,"column":84}},"223":{"start":{"line":506,"column":6},"end":{"line":506,"column":53}},"224":{"start":{"line":507,"column":6},"end":{"line":507,"column":80}},"225":{"start":{"line":515,"column":4},"end":{"line":529,"column":5}},"226":{"start":{"line":516,"column":21},"end":{"line":516,"column":31}},"227":{"start":{"line":518,"column":22},"end":{"line":518,"column":52}},"228":{"start":{"line":520,"column":6},"end":{"line":522,"column":7}},"229":{"start":{"line":521,"column":8},"end":{"line":521,"column":86}},"230":{"start":{"line":524,"column":6},"end":{"line":524,"column":81}},"231":{"start":{"line":527,"column":6},"end":{"line":527,"column":42}},"232":{"start":{"line":528,"column":6},"end":{"line":528,"column":80}},"233":{"start":{"line":536,"column":4},"end":{"line":579,"column":5}},"234":{"start":{"line":537,"column":17},"end":{"line":537,"column":44}},"235":{"start":{"line":538,"column":30},"end":{"line":538,"column":39}},"236":{"start":{"line":540,"column":23},"end":{"line":540,"column":55}},"237":{"start":{"line":541,"column":6},"end":{"line":541,"column":80}},"238":{"start":{"line":541,"column":21},"end":{"line":541,"column":80}},"239":{"start":{"line":543,"column":20},"end":{"line":543,"column":22}},"240":{"start":{"line":544,"column":6},"end":{"line":548,"column":7}},"241":{"start":{"line":545,"column":8},"end":{"line":545,"column":81}},"242":{"start":{"line":545,"column":57},"end":{"line":545,"column":66}},"243":{"start":{"line":547,"column":8},"end":{"line":547,"column":41}},"244":{"start":{"line":550,"column":6},"end":{"line":552,"column":7}},"245":{"start":{"line":551,"column":8},"end":{"line":551,"column":63}},"246":{"start":{"line":554,"column":21},"end":{"line":559,"column":7}},"247":{"start":{"line":561,"column":6},"end":{"line":568,"column":7}},"248":{"start":{"line":562,"column":8},"end":{"line":567,"column":11}},"249":{"start":{"line":570,"column":6},"end":{"line":574,"column":9}},"250":{"start":{"line":577,"column":6},"end":{"line":577,"column":54}},"251":{"start":{"line":578,"column":6},"end":{"line":578,"column":78}},"252":{"start":{"line":586,"column":4},"end":{"line":679,"column":5}},"253":{"start":{"line":587,"column":25},"end":{"line":587,"column":52}},"254":{"start":{"line":588,"column":69},"end":{"line":588,"column":77}},"255":{"start":{"line":590,"column":23},"end":{"line":590,"column":63}},"256":{"start":{"line":591,"column":6},"end":{"line":591,"column":80}},"257":{"start":{"line":591,"column":21},"end":{"line":591,"column":80}},"258":{"start":{"line":593,"column":30},"end":{"line":598,"column":7}},"259":{"start":{"line":594,"column":8},"end":{"line":596,"column":9}},"260":{"start":{"line":595,"column":10},"end":{"line":595,"column":80}},"261":{"start":{"line":595,"column":56},"end":{"line":595,"column":65}},"262":{"start":{"line":597,"column":8},"end":{"line":597,"column":38}},"263":{"start":{"line":600,"column":6},"end":{"line":607,"column":7}},"264":{"start":{"line":601,"column":20},"end":{"line":601,"column":58}},"265":{"start":{"line":602,"column":8},"end":{"line":605,"column":11}},"266":{"start":{"line":606,"column":8},"end":{"line":606,"column":29}},"267":{"start":{"line":609,"column":23},"end":{"line":609,"column":27}},"268":{"start":{"line":611,"column":6},"end":{"line":617,"column":7}},"269":{"start":{"line":612,"column":20},"end":{"line":615,"column":9}},"270":{"start":{"line":616,"column":8},"end":{"line":616,"column":48}},"271":{"start":{"line":616,"column":22},"end":{"line":616,"column":48}},"272":{"start":{"line":619,"column":6},"end":{"line":627,"column":7}},"273":{"start":{"line":620,"column":20},"end":{"line":625,"column":9}},"274":{"start":{"line":626,"column":8},"end":{"line":626,"column":48}},"275":{"start":{"line":626,"column":22},"end":{"line":626,"column":48}},"276":{"start":{"line":629,"column":6},"end":{"line":631,"column":7}},"277":{"start":{"line":630,"column":8},"end":{"line":630,"column":85}},"278":{"start":{"line":633,"column":6},"end":{"line":647,"column":7}},"279":{"start":{"line":634,"column":30},"end":{"line":637,"column":9}},"280":{"start":{"line":639,"column":20},"end":{"line":639,"column":63}},"281":{"start":{"line":641,"column":8},"end":{"line":644,"column":11}},"282":{"start":{"line":646,"column":8},"end":{"line":646,"column":29}},"283":{"start":{"line":649,"column":26},"end":{"line":649,"column":43}},"284":{"start":{"line":651,"column":19},"end":{"line":665,"column":23}},"285":{"start":{"line":667,"column":18},"end":{"line":667,"column":57}},"286":{"start":{"line":669,"column":6},"end":{"line":672,"column":9}},"287":{"start":{"line":674,"column":6},"end":{"line":674,"column":27}},"288":{"start":{"line":677,"column":6},"end":{"line":677,"column":50}},"289":{"start":{"line":678,"column":6},"end":{"line":678,"column":76}},"290":{"start":{"line":683,"column":0},"end":{"line":683,"column":42}}},"fnMap":{"0":{"name":"escapeHtml","decl":{"start":{"line":20,"column":9},"end":{"line":20,"column":19}},"loc":{"start":{"line":20,"column":26},"end":{"line":29,"column":1}},"line":20},"1":{"name":"(anonymous_1)","decl":{"start":{"line":28,"column":48},"end":{"line":28,"column":49}},"loc":{"start":{"line":28,"column":53},"end":{"line":28,"column":59}},"line":28},"2":{"name":"extractPlaceholdersFromTemplate","decl":{"start":{"line":32,"column":9},"end":{"line":32,"column":40}},"loc":{"start":{"line":32,"column":51},"end":{"line":48,"column":1}},"line":32},"3":{"name":"(anonymous_3)","decl":{"start":{"line":35,"column":29},"end":{"line":35,"column":30}},"loc":{"start":{"line":35,"column":39},"end":{"line":45,"column":5}},"line":35},"4":{"name":"(anonymous_4)","decl":{"start":{"line":39,"column":26},"end":{"line":39,"column":27}},"loc":{"start":{"line":39,"column":31},"end":{"line":42,"column":11}},"line":39},"5":{"name":"normalizeKey","decl":{"start":{"line":51,"column":9},"end":{"line":51,"column":21}},"loc":{"start":{"line":51,"column":27},"end":{"line":57,"column":1}},"line":51},"6":{"name":"buildTemplateBaseName","decl":{"start":{"line":60,"column":9},"end":{"line":60,"column":30}},"loc":{"start":{"line":60,"column":41},"end":{"line":65,"column":1}},"line":60},"7":{"name":"getPrimaryIdentifier","decl":{"start":{"line":68,"column":9},"end":{"line":68,"column":29}},"loc":{"start":{"line":68,"column":39},"end":{"line":101,"column":1}},"line":68},"8":{"name":"(anonymous_8)","decl":{"start":{"line":72,"column":34},"end":{"line":72,"column":35}},"loc":{"start":{"line":72,"column":52},"end":{"line":77,"column":3}},"line":72},"9":{"name":"cleanForFilename","decl":{"start":{"line":103,"column":9},"end":{"line":103,"column":25}},"loc":{"start":{"line":103,"column":31},"end":{"line":105,"column":1}},"line":103},"10":{"name":"(anonymous_10)","decl":{"start":{"line":116,"column":2},"end":{"line":116,"column":3}},"loc":{"start":{"line":116,"column":35},"end":{"line":211,"column":3}},"line":116},"11":{"name":"(anonymous_11)","decl":{"start":{"line":147,"column":55},"end":{"line":147,"column":56}},"loc":{"start":{"line":147,"column":65},"end":{"line":155,"column":11}},"line":147},"12":{"name":"(anonymous_12)","decl":{"start":{"line":149,"column":41},"end":{"line":149,"column":42}},"loc":{"start":{"line":149,"column":56},"end":{"line":153,"column":13}},"line":149},"13":{"name":"(anonymous_13)","decl":{"start":{"line":184,"column":52},"end":{"line":184,"column":53}},"loc":{"start":{"line":184,"column":62},"end":{"line":192,"column":9}},"line":184},"14":{"name":"(anonymous_14)","decl":{"start":{"line":186,"column":39},"end":{"line":186,"column":40}},"loc":{"start":{"line":186,"column":54},"end":{"line":190,"column":11}},"line":186},"15":{"name":"(anonymous_15)","decl":{"start":{"line":214,"column":2},"end":{"line":214,"column":3}},"loc":{"start":{"line":214,"column":40},"end":{"line":346,"column":3}},"line":214},"16":{"name":"(anonymous_16)","decl":{"start":{"line":244,"column":42},"end":{"line":244,"column":43}},"loc":{"start":{"line":244,"column":48},"end":{"line":247,"column":7}},"line":244},"17":{"name":"(anonymous_17)","decl":{"start":{"line":272,"column":29},"end":{"line":272,"column":30}},"loc":{"start":{"line":272,"column":35},"end":{"line":277,"column":9}},"line":272},"18":{"name":"(anonymous_18)","decl":{"start":{"line":280,"column":10},"end":{"line":280,"column":11}},"loc":{"start":{"line":280,"column":16},"end":{"line":280,"column":65}},"line":280},"19":{"name":"(anonymous_19)","decl":{"start":{"line":304,"column":53},"end":{"line":304,"column":54}},"loc":{"start":{"line":304,"column":63},"end":{"line":311,"column":9}},"line":304},"20":{"name":"(anonymous_20)","decl":{"start":{"line":306,"column":39},"end":{"line":306,"column":40}},"loc":{"start":{"line":306,"column":45},"end":{"line":309,"column":11}},"line":306},"21":{"name":"(anonymous_21)","decl":{"start":{"line":349,"column":2},"end":{"line":349,"column":3}},"loc":{"start":{"line":349,"column":42},"end":{"line":452,"column":3}},"line":349},"22":{"name":"(anonymous_22)","decl":{"start":{"line":376,"column":36},"end":{"line":376,"column":37}},"loc":{"start":{"line":376,"column":54},"end":{"line":378,"column":9}},"line":376},"23":{"name":"(anonymous_23)","decl":{"start":{"line":390,"column":50},"end":{"line":390,"column":51}},"loc":{"start":{"line":390,"column":55},"end":{"line":404,"column":9}},"line":390},"24":{"name":"(anonymous_24)","decl":{"start":{"line":393,"column":42},"end":{"line":393,"column":43}},"loc":{"start":{"line":393,"column":64},"end":{"line":396,"column":11}},"line":393},"25":{"name":"(anonymous_25)","decl":{"start":{"line":398,"column":38},"end":{"line":398,"column":39}},"loc":{"start":{"line":398,"column":59},"end":{"line":401,"column":11}},"line":398},"26":{"name":"(anonymous_26)","decl":{"start":{"line":415,"column":34},"end":{"line":415,"column":35}},"loc":{"start":{"line":415,"column":39},"end":{"line":415,"column":67}},"line":415},"27":{"name":"(anonymous_27)","decl":{"start":{"line":455,"column":2},"end":{"line":455,"column":3}},"loc":{"start":{"line":455,"column":34},"end":{"line":469,"column":3}},"line":455},"28":{"name":"(anonymous_28)","decl":{"start":{"line":472,"column":2},"end":{"line":472,"column":3}},"loc":{"start":{"line":472,"column":34},"end":{"line":487,"column":3}},"line":472},"29":{"name":"(anonymous_29)","decl":{"start":{"line":492,"column":2},"end":{"line":492,"column":3}},"loc":{"start":{"line":492,"column":33},"end":{"line":509,"column":3}},"line":492},"30":{"name":"(anonymous_30)","decl":{"start":{"line":514,"column":2},"end":{"line":514,"column":3}},"loc":{"start":{"line":514,"column":33},"end":{"line":530,"column":3}},"line":514},"31":{"name":"(anonymous_31)","decl":{"start":{"line":535,"column":2},"end":{"line":535,"column":3}},"loc":{"start":{"line":535,"column":37},"end":{"line":580,"column":3}},"line":535},"32":{"name":"(anonymous_32)","decl":{"start":{"line":545,"column":52},"end":{"line":545,"column":53}},"loc":{"start":{"line":545,"column":57},"end":{"line":545,"column":66}},"line":545},"33":{"name":"(anonymous_33)","decl":{"start":{"line":585,"column":2},"end":{"line":585,"column":3}},"loc":{"start":{"line":585,"column":38},"end":{"line":680,"column":3}},"line":585},"34":{"name":"(anonymous_34)","decl":{"start":{"line":593,"column":30},"end":{"line":593,"column":31}},"loc":{"start":{"line":593,"column":36},"end":{"line":598,"column":7}},"line":593},"35":{"name":"(anonymous_35)","decl":{"start":{"line":595,"column":51},"end":{"line":595,"column":52}},"loc":{"start":{"line":595,"column":56},"end":{"line":595,"column":65}},"line":595}},"branchMap":{"0":{"loc":{"start":{"line":28,"column":16},"end":{"line":28,"column":26}},"type":"binary-expr","locations":[{"start":{"line":28,"column":16},"end":{"line":28,"column":20}},{"start":{"line":28,"column":24},"end":{"line":28,"column":26}}],"line":28},"1":{"loc":{"start":{"line":34,"column":2},"end":{"line":46,"column":3}},"type":"if","locations":[{"start":{"line":34,"column":2},"end":{"line":46,"column":3}},{"start":{},"end":{}}],"line":34},"2":{"loc":{"start":{"line":34,"column":6},"end":{"line":34,"column":49}},"type":"binary-expr","locations":[{"start":{"line":34,"column":6},"end":{"line":34,"column":14}},{"start":{"line":34,"column":18},"end":{"line":34,"column":49}}],"line":34},"3":{"loc":{"start":{"line":36,"column":6},"end":{"line":44,"column":7}},"type":"if","locations":[{"start":{"line":36,"column":6},"end":{"line":44,"column":7}},{"start":{},"end":{}}],"line":36},"4":{"loc":{"start":{"line":36,"column":10},"end":{"line":36,"column":54}},"type":"binary-expr","locations":[{"start":{"line":36,"column":10},"end":{"line":36,"column":16}},{"start":{"line":36,"column":20},"end":{"line":36,"column":54}}],"line":36},"5":{"loc":{"start":{"line":38,"column":8},"end":{"line":43,"column":9}},"type":"if","locations":[{"start":{"line":38,"column":8},"end":{"line":43,"column":9}},{"start":{},"end":{}}],"line":38},"6":{"loc":{"start":{"line":41,"column":12},"end":{"line":41,"column":45}},"type":"if","locations":[{"start":{"line":41,"column":12},"end":{"line":41,"column":45}},{"start":{},"end":{}}],"line":41},"7":{"loc":{"start":{"line":52,"column":16},"end":{"line":52,"column":25}},"type":"binary-expr","locations":[{"start":{"line":52,"column":16},"end":{"line":52,"column":19}},{"start":{"line":52,"column":23},"end":{"line":52,"column":25}}],"line":52},"8":{"loc":{"start":{"line":61,"column":13},"end":{"line":61,"column":77}},"type":"binary-expr","locations":[{"start":{"line":61,"column":13},"end":{"line":61,"column":36}},{"start":{"line":61,"column":40},"end":{"line":61,"column":63}},{"start":{"line":61,"column":67},"end":{"line":61,"column":77}}],"line":61},"9":{"loc":{"start":{"line":63,"column":2},"end":{"line":63,"column":31}},"type":"if","locations":[{"start":{"line":63,"column":2},"end":{"line":63,"column":31}},{"start":{},"end":{}}],"line":63},"10":{"loc":{"start":{"line":69,"column":2},"end":{"line":69,"column":59}},"type":"if","locations":[{"start":{"line":69,"column":2},"end":{"line":69,"column":59}},{"start":{},"end":{}}],"line":69},"11":{"loc":{"start":{"line":69,"column":6},"end":{"line":69,"column":45}},"type":"binary-expr","locations":[{"start":{"line":69,"column":6},"end":{"line":69,"column":14}},{"start":{"line":69,"column":18},"end":{"line":69,"column":45}}],"line":69},"12":{"loc":{"start":{"line":74,"column":4},"end":{"line":76,"column":5}},"type":"if","locations":[{"start":{"line":74,"column":4},"end":{"line":76,"column":5}},{"start":{},"end":{}}],"line":74},"13":{"loc":{"start":{"line":74,"column":8},"end":{"line":74,"column":68}},"type":"binary-expr","locations":[{"start":{"line":74,"column":8},"end":{"line":74,"column":20}},{"start":{"line":74,"column":24},"end":{"line":74,"column":37}},{"start":{"line":74,"column":41},"end":{"line":74,"column":68}}],"line":74},"14":{"loc":{"start":{"line":91,"column":4},"end":{"line":91,"column":38}},"type":"if","locations":[{"start":{"line":91,"column":4},"end":{"line":91,"column":38}},{"start":{},"end":{}}],"line":91},"15":{"loc":{"start":{"line":95,"column":4},"end":{"line":97,"column":5}},"type":"if","locations":[{"start":{"line":95,"column":4},"end":{"line":97,"column":5}},{"start":{},"end":{}}],"line":95},"16":{"loc":{"start":{"line":95,"column":8},"end":{"line":95,"column":48}},"type":"binary-expr","locations":[{"start":{"line":95,"column":8},"end":{"line":95,"column":19}},{"start":{"line":95,"column":23},"end":{"line":95,"column":48}}],"line":95},"17":{"loc":{"start":{"line":104,"column":16},"end":{"line":104,"column":25}},"type":"binary-expr","locations":[{"start":{"line":104,"column":16},"end":{"line":104,"column":19}},{"start":{"line":104,"column":23},"end":{"line":104,"column":25}}],"line":104},"18":{"loc":{"start":{"line":121,"column":6},"end":{"line":135,"column":7}},"type":"if","locations":[{"start":{"line":121,"column":6},"end":{"line":135,"column":7}},{"start":{},"end":{}}],"line":121},"19":{"loc":{"start":{"line":121,"column":10},"end":{"line":121,"column":77}},"type":"binary-expr","locations":[{"start":{"line":121,"column":10},"end":{"line":121,"column":22}},{"start":{"line":121,"column":26},"end":{"line":121,"column":61}},{"start":{"line":121,"column":65},"end":{"line":121,"column":77}}],"line":121},"20":{"loc":{"start":{"line":122,"column":8},"end":{"line":124,"column":9}},"type":"if","locations":[{"start":{"line":122,"column":8},"end":{"line":124,"column":9}},{"start":{},"end":{}}],"line":122},"21":{"loc":{"start":{"line":122,"column":12},"end":{"line":122,"column":44}},"type":"binary-expr","locations":[{"start":{"line":122,"column":12},"end":{"line":122,"column":26}},{"start":{"line":122,"column":30},"end":{"line":122,"column":44}}],"line":122},"22":{"loc":{"start":{"line":131,"column":21},"end":{"line":131,"column":34}},"type":"binary-expr","locations":[{"start":{"line":131,"column":21},"end":{"line":131,"column":28}},{"start":{"line":131,"column":32},"end":{"line":131,"column":34}}],"line":131},"23":{"loc":{"start":{"line":138,"column":6},"end":{"line":169,"column":7}},"type":"if","locations":[{"start":{"line":138,"column":6},"end":{"line":169,"column":7}},{"start":{},"end":{}}],"line":138},"24":{"loc":{"start":{"line":140,"column":8},"end":{"line":142,"column":9}},"type":"if","locations":[{"start":{"line":140,"column":8},"end":{"line":142,"column":9}},{"start":{},"end":{}}],"line":140},"25":{"loc":{"start":{"line":144,"column":39},"end":{"line":144,"column":61}},"type":"binary-expr","locations":[{"start":{"line":144,"column":39},"end":{"line":144,"column":55}},{"start":{"line":144,"column":59},"end":{"line":144,"column":61}}],"line":144},"26":{"loc":{"start":{"line":146,"column":8},"end":{"line":156,"column":9}},"type":"if","locations":[{"start":{"line":146,"column":8},"end":{"line":156,"column":9}},{"start":{},"end":{}}],"line":146},"27":{"loc":{"start":{"line":146,"column":12},"end":{"line":146,"column":54}},"type":"binary-expr","locations":[{"start":{"line":146,"column":12},"end":{"line":146,"column":19}},{"start":{"line":146,"column":23},"end":{"line":146,"column":54}}],"line":146},"28":{"loc":{"start":{"line":148,"column":36},"end":{"line":148,"column":57}},"type":"binary-expr","locations":[{"start":{"line":148,"column":36},"end":{"line":148,"column":51}},{"start":{"line":148,"column":55},"end":{"line":148,"column":57}}],"line":148},"29":{"loc":{"start":{"line":150,"column":28},"end":{"line":150,"column":70}},"type":"binary-expr","locations":[{"start":{"line":150,"column":28},"end":{"line":150,"column":48}},{"start":{"line":150,"column":52},"end":{"line":150,"column":70}}],"line":150},"30":{"loc":{"start":{"line":158,"column":26},"end":{"line":158,"column":84}},"type":"binary-expr","locations":[{"start":{"line":158,"column":26},"end":{"line":158,"column":39}},{"start":{"line":158,"column":43},"end":{"line":158,"column":84}}],"line":158},"31":{"loc":{"start":{"line":165,"column":21},"end":{"line":165,"column":34}},"type":"binary-expr","locations":[{"start":{"line":165,"column":21},"end":{"line":165,"column":28}},{"start":{"line":165,"column":32},"end":{"line":165,"column":34}}],"line":165},"32":{"loc":{"start":{"line":172,"column":6},"end":{"line":174,"column":7}},"type":"if","locations":[{"start":{"line":172,"column":6},"end":{"line":174,"column":7}},{"start":{},"end":{}}],"line":172},"33":{"loc":{"start":{"line":176,"column":70},"end":{"line":176,"column":83}},"type":"binary-expr","locations":[{"start":{"line":176,"column":70},"end":{"line":176,"column":77}},{"start":{"line":176,"column":81},"end":{"line":176,"column":83}}],"line":176},"34":{"loc":{"start":{"line":177,"column":6},"end":{"line":179,"column":7}},"type":"if","locations":[{"start":{"line":177,"column":6},"end":{"line":179,"column":7}},{"start":{},"end":{}}],"line":177},"35":{"loc":{"start":{"line":177,"column":10},"end":{"line":177,"column":63}},"type":"binary-expr","locations":[{"start":{"line":177,"column":10},"end":{"line":177,"column":27}},{"start":{"line":177,"column":31},"end":{"line":177,"column":63}}],"line":177},"36":{"loc":{"start":{"line":178,"column":42},"end":{"line":178,"column":71}},"type":"binary-expr","locations":[{"start":{"line":178,"column":42},"end":{"line":178,"column":56}},{"start":{"line":178,"column":60},"end":{"line":178,"column":71}}],"line":178},"37":{"loc":{"start":{"line":183,"column":6},"end":{"line":193,"column":7}},"type":"if","locations":[{"start":{"line":183,"column":6},"end":{"line":193,"column":7}},{"start":{},"end":{}}],"line":183},"38":{"loc":{"start":{"line":183,"column":10},"end":{"line":183,"column":52}},"type":"binary-expr","locations":[{"start":{"line":183,"column":10},"end":{"line":183,"column":17}},{"start":{"line":183,"column":21},"end":{"line":183,"column":52}}],"line":183},"39":{"loc":{"start":{"line":185,"column":28},"end":{"line":185,"column":49}},"type":"binary-expr","locations":[{"start":{"line":185,"column":28},"end":{"line":185,"column":43}},{"start":{"line":185,"column":47},"end":{"line":185,"column":49}}],"line":185},"40":{"loc":{"start":{"line":187,"column":26},"end":{"line":187,"column":68}},"type":"binary-expr","locations":[{"start":{"line":187,"column":26},"end":{"line":187,"column":46}},{"start":{"line":187,"column":50},"end":{"line":187,"column":68}}],"line":187},"41":{"loc":{"start":{"line":195,"column":27},"end":{"line":195,"column":79}},"type":"binary-expr","locations":[{"start":{"line":195,"column":27},"end":{"line":195,"column":40}},{"start":{"line":195,"column":44},"end":{"line":195,"column":79}}],"line":195},"42":{"loc":{"start":{"line":202,"column":19},"end":{"line":202,"column":32}},"type":"binary-expr","locations":[{"start":{"line":202,"column":19},"end":{"line":202,"column":26}},{"start":{"line":202,"column":30},"end":{"line":202,"column":32}}],"line":202},"43":{"loc":{"start":{"line":219,"column":6},"end":{"line":221,"column":7}},"type":"if","locations":[{"start":{"line":219,"column":6},"end":{"line":221,"column":7}},{"start":{},"end":{}}],"line":219},"44":{"loc":{"start":{"line":222,"column":6},"end":{"line":224,"column":7}},"type":"if","locations":[{"start":{"line":222,"column":6},"end":{"line":224,"column":7}},{"start":{},"end":{}}],"line":222},"45":{"loc":{"start":{"line":222,"column":10},"end":{"line":222,"column":31}},"type":"binary-expr","locations":[{"start":{"line":222,"column":10},"end":{"line":222,"column":15}},{"start":{"line":222,"column":19},"end":{"line":222,"column":31}}],"line":222},"46":{"loc":{"start":{"line":227,"column":6},"end":{"line":229,"column":7}},"type":"if","locations":[{"start":{"line":227,"column":6},"end":{"line":229,"column":7}},{"start":{},"end":{}}],"line":227},"47":{"loc":{"start":{"line":237,"column":6},"end":{"line":239,"column":7}},"type":"if","locations":[{"start":{"line":237,"column":6},"end":{"line":239,"column":7}},{"start":{},"end":{}}],"line":237},"48":{"loc":{"start":{"line":246,"column":15},"end":{"line":246,"column":82}},"type":"binary-expr","locations":[{"start":{"line":246,"column":15},"end":{"line":246,"column":44}},{"start":{"line":246,"column":48},"end":{"line":246,"column":82}}],"line":246},"49":{"loc":{"start":{"line":249,"column":6},"end":{"line":255,"column":7}},"type":"if","locations":[{"start":{"line":249,"column":6},"end":{"line":255,"column":7}},{"start":{},"end":{}}],"line":249},"50":{"loc":{"start":{"line":268,"column":10},"end":{"line":268,"column":60}},"type":"if","locations":[{"start":{"line":268,"column":10},"end":{"line":268,"column":60}},{"start":{},"end":{}}],"line":268},"51":{"loc":{"start":{"line":275,"column":10},"end":{"line":275,"column":65}},"type":"if","locations":[{"start":{"line":275,"column":10},"end":{"line":275,"column":65}},{"start":{},"end":{}}],"line":275},"52":{"loc":{"start":{"line":276,"column":24},"end":{"line":276,"column":35}},"type":"binary-expr","locations":[{"start":{"line":276,"column":24},"end":{"line":276,"column":29}},{"start":{"line":276,"column":33},"end":{"line":276,"column":35}}],"line":276},"53":{"loc":{"start":{"line":280,"column":16},"end":{"line":280,"column":65}},"type":"binary-expr","locations":[{"start":{"line":280,"column":16},"end":{"line":280,"column":28}},{"start":{"line":280,"column":32},"end":{"line":280,"column":65}}],"line":280},"54":{"loc":{"start":{"line":282,"column":8},"end":{"line":288,"column":9}},"type":"if","locations":[{"start":{"line":282,"column":8},"end":{"line":288,"column":9}},{"start":{},"end":{}}],"line":282},"55":{"loc":{"start":{"line":291,"column":8},"end":{"line":297,"column":9}},"type":"if","locations":[{"start":{"line":291,"column":8},"end":{"line":297,"column":9}},{"start":{},"end":{}}],"line":291},"56":{"loc":{"start":{"line":302,"column":39},"end":{"line":302,"column":61}},"type":"binary-expr","locations":[{"start":{"line":302,"column":39},"end":{"line":302,"column":55}},{"start":{"line":302,"column":59},"end":{"line":302,"column":61}}],"line":302},"57":{"loc":{"start":{"line":322,"column":8},"end":{"line":324,"column":9}},"type":"if","locations":[{"start":{"line":322,"column":8},"end":{"line":324,"column":9}},{"start":{},"end":{}}],"line":322},"58":{"loc":{"start":{"line":354,"column":6},"end":{"line":356,"column":7}},"type":"if","locations":[{"start":{"line":354,"column":6},"end":{"line":356,"column":7}},{"start":{},"end":{}}],"line":354},"59":{"loc":{"start":{"line":357,"column":6},"end":{"line":359,"column":7}},"type":"if","locations":[{"start":{"line":357,"column":6},"end":{"line":359,"column":7}},{"start":{},"end":{}}],"line":357},"60":{"loc":{"start":{"line":357,"column":10},"end":{"line":357,"column":31}},"type":"binary-expr","locations":[{"start":{"line":357,"column":10},"end":{"line":357,"column":15}},{"start":{"line":357,"column":19},"end":{"line":357,"column":31}}],"line":357},"61":{"loc":{"start":{"line":365,"column":6},"end":{"line":367,"column":7}},"type":"if","locations":[{"start":{"line":365,"column":6},"end":{"line":367,"column":7}},{"start":{},"end":{}}],"line":365},"62":{"loc":{"start":{"line":382,"column":8},"end":{"line":388,"column":9}},"type":"if","locations":[{"start":{"line":382,"column":8},"end":{"line":388,"column":9}},{"start":{},"end":{}}],"line":382},"63":{"loc":{"start":{"line":382,"column":12},"end":{"line":382,"column":65}},"type":"binary-expr","locations":[{"start":{"line":382,"column":12},"end":{"line":382,"column":29}},{"start":{"line":382,"column":33},"end":{"line":382,"column":65}}],"line":382},"64":{"loc":{"start":{"line":385,"column":56},"end":{"line":385,"column":89}},"type":"binary-expr","locations":[{"start":{"line":385,"column":56},"end":{"line":385,"column":70}},{"start":{"line":385,"column":74},"end":{"line":385,"column":89}}],"line":385},"65":{"loc":{"start":{"line":407,"column":10},"end":{"line":416,"column":26}},"type":"binary-expr","locations":[{"start":{"line":407,"column":10},"end":{"line":407,"column":30}},{"start":{"line":408,"column":10},"end":{"line":408,"column":26}},{"start":{"line":409,"column":10},"end":{"line":409,"column":21}},{"start":{"line":410,"column":10},"end":{"line":410,"column":31}},{"start":{"line":411,"column":10},"end":{"line":411,"column":29}},{"start":{"line":412,"column":10},"end":{"line":412,"column":27}},{"start":{"line":413,"column":10},"end":{"line":413,"column":28}},{"start":{"line":414,"column":10},"end":{"line":414,"column":30}},{"start":{"line":415,"column":10},"end":{"line":415,"column":68}},{"start":{"line":416,"column":10},"end":{"line":416,"column":26}}],"line":407},"66":{"loc":{"start":{"line":415,"column":39},"end":{"line":415,"column":67}},"type":"binary-expr","locations":[{"start":{"line":415,"column":39},"end":{"line":415,"column":40}},{"start":{"line":415,"column":44},"end":{"line":415,"column":67}}],"line":415},"67":{"loc":{"start":{"line":432,"column":8},"end":{"line":434,"column":9}},"type":"if","locations":[{"start":{"line":432,"column":8},"end":{"line":434,"column":9}},{"start":{},"end":{}}],"line":432},"68":{"loc":{"start":{"line":432,"column":12},"end":{"line":432,"column":43}},"type":"binary-expr","locations":[{"start":{"line":432,"column":12},"end":{"line":432,"column":22}},{"start":{"line":432,"column":26},"end":{"line":432,"column":43}}],"line":432},"69":{"loc":{"start":{"line":460,"column":6},"end":{"line":460,"column":63}},"type":"if","locations":[{"start":{"line":460,"column":6},"end":{"line":460,"column":63}},{"start":{},"end":{}}],"line":460},"70":{"loc":{"start":{"line":477,"column":6},"end":{"line":479,"column":7}},"type":"if","locations":[{"start":{"line":477,"column":6},"end":{"line":479,"column":7}},{"start":{},"end":{}}],"line":477},"71":{"loc":{"start":{"line":499,"column":6},"end":{"line":501,"column":7}},"type":"if","locations":[{"start":{"line":499,"column":6},"end":{"line":501,"column":7}},{"start":{},"end":{}}],"line":499},"72":{"loc":{"start":{"line":520,"column":6},"end":{"line":522,"column":7}},"type":"if","locations":[{"start":{"line":520,"column":6},"end":{"line":522,"column":7}},{"start":{},"end":{}}],"line":520},"73":{"loc":{"start":{"line":538,"column":14},"end":{"line":538,"column":25}},"type":"default-arg","locations":[{"start":{"line":538,"column":21},"end":{"line":538,"column":25}}],"line":538},"74":{"loc":{"start":{"line":541,"column":6},"end":{"line":541,"column":80}},"type":"if","locations":[{"start":{"line":541,"column":6},"end":{"line":541,"column":80}},{"start":{},"end":{}}],"line":541},"75":{"loc":{"start":{"line":544,"column":6},"end":{"line":548,"column":7}},"type":"if","locations":[{"start":{"line":544,"column":6},"end":{"line":548,"column":7}},{"start":{"line":546,"column":13},"end":{"line":548,"column":7}}],"line":544},"76":{"loc":{"start":{"line":550,"column":6},"end":{"line":552,"column":7}},"type":"if","locations":[{"start":{"line":550,"column":6},"end":{"line":552,"column":7}},{"start":{},"end":{}}],"line":550},"77":{"loc":{"start":{"line":561,"column":6},"end":{"line":568,"column":7}},"type":"if","locations":[{"start":{"line":561,"column":6},"end":{"line":568,"column":7}},{"start":{},"end":{}}],"line":561},"78":{"loc":{"start":{"line":588,"column":14},"end":{"line":588,"column":25}},"type":"default-arg","locations":[{"start":{"line":588,"column":21},"end":{"line":588,"column":25}}],"line":588},"79":{"loc":{"start":{"line":588,"column":27},"end":{"line":588,"column":47}},"type":"default-arg","locations":[{"start":{"line":588,"column":43},"end":{"line":588,"column":47}}],"line":588},"80":{"loc":{"start":{"line":588,"column":49},"end":{"line":588,"column":64}},"type":"default-arg","locations":[{"start":{"line":588,"column":60},"end":{"line":588,"column":64}}],"line":588},"81":{"loc":{"start":{"line":591,"column":6},"end":{"line":591,"column":80}},"type":"if","locations":[{"start":{"line":591,"column":6},"end":{"line":591,"column":80}},{"start":{},"end":{}}],"line":591},"82":{"loc":{"start":{"line":594,"column":8},"end":{"line":596,"column":9}},"type":"if","locations":[{"start":{"line":594,"column":8},"end":{"line":596,"column":9}},{"start":{},"end":{}}],"line":594},"83":{"loc":{"start":{"line":600,"column":6},"end":{"line":607,"column":7}},"type":"if","locations":[{"start":{"line":600,"column":6},"end":{"line":607,"column":7}},{"start":{},"end":{}}],"line":600},"84":{"loc":{"start":{"line":604,"column":58},"end":{"line":604,"column":87}},"type":"binary-expr","locations":[{"start":{"line":604,"column":58},"end":{"line":604,"column":66}},{"start":{"line":604,"column":70},"end":{"line":604,"column":87}}],"line":604},"85":{"loc":{"start":{"line":611,"column":6},"end":{"line":617,"column":7}},"type":"if","locations":[{"start":{"line":611,"column":6},"end":{"line":617,"column":7}},{"start":{},"end":{}}],"line":611},"86":{"loc":{"start":{"line":616,"column":8},"end":{"line":616,"column":48}},"type":"if","locations":[{"start":{"line":616,"column":8},"end":{"line":616,"column":48}},{"start":{},"end":{}}],"line":616},"87":{"loc":{"start":{"line":619,"column":6},"end":{"line":627,"column":7}},"type":"if","locations":[{"start":{"line":619,"column":6},"end":{"line":627,"column":7}},{"start":{},"end":{}}],"line":619},"88":{"loc":{"start":{"line":626,"column":8},"end":{"line":626,"column":48}},"type":"if","locations":[{"start":{"line":626,"column":8},"end":{"line":626,"column":48}},{"start":{},"end":{}}],"line":626},"89":{"loc":{"start":{"line":629,"column":6},"end":{"line":631,"column":7}},"type":"if","locations":[{"start":{"line":629,"column":6},"end":{"line":631,"column":7}},{"start":{},"end":{}}],"line":629},"90":{"loc":{"start":{"line":633,"column":6},"end":{"line":647,"column":7}},"type":"if","locations":[{"start":{"line":633,"column":6},"end":{"line":647,"column":7}},{"start":{},"end":{}}],"line":633},"91":{"loc":{"start":{"line":643,"column":58},"end":{"line":643,"column":95}},"type":"binary-expr","locations":[{"start":{"line":643,"column":58},"end":{"line":643,"column":66}},{"start":{"line":643,"column":70},"end":{"line":643,"column":95}}],"line":643},"92":{"loc":{"start":{"line":671,"column":56},"end":{"line":671,"column":92}},"type":"binary-expr","locations":[{"start":{"line":671,"column":56},"end":{"line":671,"column":64}},{"start":{"line":671,"column":68},"end":{"line":671,"column":92}}],"line":671}},"s":{"0":1,"1":1,"2":1,"3":1,"4":1,"5":1,"6":1,"7":1,"8":1,"9":0,"10":0,"11":0,"12":0,"13":0,"14":0,"15":0,"16":0,"17":0,"18":0,"19":0,"20":0,"21":0,"22":0,"23":0,"24":0,"25":0,"26":0,"27":0,"28":0,"29":0,"30":0,"31":0,"32":0,"33":0,"34":0,"35":0,"36":0,"37":0,"38":0,"39":0,"40":0,"41":0,"42":0,"43":0,"44":0,"45":0,"46":0,"47":0,"48":0,"49":0,"50":0,"51":0,"52":0,"53":0,"54":0,"55":0,"56":0,"57":0,"58":0,"59":0,"60":0,"61":0,"62":0,"63":0,"64":0,"65":0,"66":0,"67":0,"68":0,"69":0,"70":0,"71":0,"72":0,"73":0,"74":0,"75":0,"76":0,"77":0,"78":0,"79":0,"80":0,"81":0,"82":0,"83":0,"84":0,"85":0,"86":0,"87":0,"88":0,"89":0,"90":0,"91":0,"92":0,"93":0,"94":0,"95":0,"96":0,"97":0,"98":0,"99":0,"100":0,"101":0,"102":0,"103":0,"104":0,"105":0,"106":0,"107":0,"108":0,"109":0,"110":0,"111":0,"112":0,"113":0,"114":0,"115":0,"116":0,"117":0,"118":0,"119":0,"120":0,"121":0,"122":0,"123":0,"124":0,"125":0,"126":0,"127":0,"128":0,"129":0,"130":0,"131":0,"132":0,"133":0,"134":0,"135":0,"136":0,"137":0,"138":0,"139":0,"140":0,"141":0,"142":0,"143":0,"144":0,"145":0,"146":0,"147":0,"148":0,"149":0,"150":0,"151":0,"152":0,"153":0,"154":0,"155":0,"156":0,"157":0,"158":0,"159":0,"160":0,"161":0,"162":0,"163":0,"164":0,"165":0,"166":0,"167":0,"168":0,"169":0,"170":0,"171":0,"172":0,"173":0,"174":0,"175":0,"176":0,"177":0,"178":0,"179":0,"180":0,"181":0,"182":0,"183":0,"184":0,"185":0,"186":0,"187":0,"188":0,"189":0,"190":0,"191":0,"192":0,"193":0,"194":0,"195":0,"196":0,"197":0,"198":0,"199":0,"200":0,"201":0,"202":0,"203":0,"204":0,"205":0,"206":0,"207":0,"208":0,"209":0,"210":0,"211":0,"212":0,"213":0,"214":0,"215":0,"216":0,"217":0,"218":0,"219":0,"220":0,"221":0,"222":0,"223":0,"224":0,"225":0,"226":0,"227":0,"228":0,"229":0,"230":0,"231":0,"232":0,"233":0,"234":0,"235":0,"236":0,"237":0,"238":0,"239":0,"240":0,"241":0,"242":0,"243":0,"244":0,"245":0,"246":0,"247":0,"248":0,"249":0,"250":0,"251":0,"252":0,"253":0,"254":0,"255":0,"256":0,"257":0,"258":0,"259":0,"260":0,"261":0,"262":0,"263":0,"264":0,"265":0,"266":0,"267":0,"268":0,"269":0,"270":0,"271":0,"272":0,"273":0,"274":0,"275":0,"276":0,"277":0,"278":0,"279":0,"280":0,"281":0,"282":0,"283":0,"284":0,"285":0,"286":0,"287":0,"288":0,"289":0,"290":1},"f":{"0":0,"1":0,"2":0,"3":0,"4":0,"5":0,"6":0,"7":0,"8":0,"9":0,"10":0,"11":0,"12":0,"13":0,"14":0,"15":0,"16":0,"17":0,"18":0,"19":0,"20":0,"21":0,"22":0,"23":0,"24":0,"25":0,"26":0,"27":0,"28":0,"29":0,"30":0,"31":0,"32":0,"33":0,"34":0,"35":0},"b":{"0":[0,0],"1":[0,0],"2":[0,0],"3":[0,0],"4":[0,0],"5":[0,0],"6":[0,0],"7":[0,0],"8":[0,0,0],"9":[0,0],"10":[0,0],"11":[0,0],"12":[0,0],"13":[0,0,0],"14":[0,0],"15":[0,0],"16":[0,0],"17":[0,0],"18":[0,0],"19":[0,0,0],"20":[0,0],"21":[0,0],"22":[0,0],"23":[0,0],"24":[0,0],"25":[0,0],"26":[0,0],"27":[0,0],"28":[0,0],"29":[0,0],"30":[0,0],"31":[0,0],"32":[0,0],"33":[0,0],"34":[0,0],"35":[0,0],"36":[0,0],"37":[0,0],"38":[0,0],"39":[0,0],"40":[0,0],"41":[0,0],"42":[0,0],"43":[0,0],"44":[0,0],"45":[0,0],"46":[0,0],"47":[0,0],"48":[0,0],"49":[0,0],"50":[0,0],"51":[0,0],"52":[0,0],"53":[0,0],"54":[0,0],"55":[0,0],"56":[0,0],"57":[0,0],"58":[0,0],"59":[0,0],"60":[0,0],"61":[0,0],"62":[0,0],"63":[0,0],"64":[0,0],"65":[0,0,0,0,0,0,0,0,0,0],"66":[0,0],"67":[0,0],"68":[0,0],"69":[0,0],"70":[0,0],"71":[0,0],"72":[0,0],"73":[0],"74":[0,0],"75":[0,0],"76":[0,0],"77":[0,0],"78":[0],"79":[0],"80":[0],"81":[0,0],"82":[0,0],"83":[0,0],"84":[0,0],"85":[0,0],"86":[0,0],"87":[0,0],"88":[0,0],"89":[0,0],"90":[0,0],"91":[0,0],"92":[0,0]},"_coverageSchema":"1a1c01bbd47fc00a2c39e90264f33305004495a9","hash":"82997ee67f3f90f20896873de11b5d892efcba7c"}
,"D:\\BDM_Final\\bdm-backend\\src\\controllers\\pdfController.js": {"path":"D:\\BDM_Final\\bdm-backend\\src\\controllers\\pdfController.js","statementMap":{"0":{"start":{"line":3,"column":19},"end":{"line":3,"column":52}},"1":{"start":{"line":4,"column":22},"end":{"line":4,"column":56}},"2":{"start":{"line":5,"column":24},"end":{"line":5,"column":59}},"3":{"start":{"line":6,"column":11},"end":{"line":6,"column":24}},"4":{"start":{"line":7,"column":13},"end":{"line":7,"column":28}},"5":{"start":{"line":13,"column":4},"end":{"line":43,"column":5}},"6":{"start":{"line":14,"column":21},"end":{"line":14,"column":31}},"7":{"start":{"line":15,"column":6},"end":{"line":15,"column":61}},"8":{"start":{"line":17,"column":23},"end":{"line":17,"column":55}},"9":{"start":{"line":18,"column":6},"end":{"line":20,"column":7}},"10":{"start":{"line":19,"column":8},"end":{"line":19,"column":67}},"11":{"start":{"line":22,"column":22},"end":{"line":25,"column":7}},"12":{"start":{"line":27,"column":24},"end":{"line":27,"column":71}},"13":{"start":{"line":30,"column":6},"end":{"line":33,"column":7}},"14":{"start":{"line":31,"column":8},"end":{"line":31,"column":89}},"15":{"start":{"line":32,"column":8},"end":{"line":32,"column":98}},"16":{"start":{"line":35,"column":6},"end":{"line":35,"column":55}},"17":{"start":{"line":36,"column":6},"end":{"line":36,"column":56}},"18":{"start":{"line":38,"column":6},"end":{"line":38,"column":26}},"19":{"start":{"line":41,"column":6},"end":{"line":41,"column":52}},"20":{"start":{"line":42,"column":6},"end":{"line":42,"column":79}},"21":{"start":{"line":48,"column":4},"end":{"line":83,"column":5}},"22":{"start":{"line":49,"column":21},"end":{"line":49,"column":31}},"23":{"start":{"line":50,"column":27},"end":{"line":50,"column":36}},"24":{"start":{"line":51,"column":6},"end":{"line":51,"column":62}},"25":{"start":{"line":53,"column":23},"end":{"line":53,"column":55}},"26":{"start":{"line":54,"column":6},"end":{"line":56,"column":7}},"27":{"start":{"line":55,"column":8},"end":{"line":55,"column":67}},"28":{"start":{"line":58,"column":22},"end":{"line":60,"column":7}},"29":{"start":{"line":62,"column":24},"end":{"line":62,"column":71}},"30":{"start":{"line":65,"column":7},"end":{"line":68,"column":8}},"31":{"start":{"line":66,"column":9},"end":{"line":66,"column":80}},"32":{"start":{"line":67,"column":9},"end":{"line":67,"column":100}},"33":{"start":{"line":70,"column":31},"end":{"line":70,"column":94}},"34":{"start":{"line":72,"column":6},"end":{"line":72,"column":55}},"35":{"start":{"line":74,"column":6},"end":{"line":74,"column":89}},"36":{"start":{"line":75,"column":6},"end":{"line":75,"column":56}},"37":{"start":{"line":77,"column":6},"end":{"line":77,"column":26}},"38":{"start":{"line":78,"column":6},"end":{"line":78,"column":67}},"39":{"start":{"line":81,"column":6},"end":{"line":81,"column":50}},"40":{"start":{"line":82,"column":6},"end":{"line":82,"column":79}},"41":{"start":{"line":88,"column":4},"end":{"line":139,"column":5}},"42":{"start":{"line":89,"column":21},"end":{"line":89,"column":31}},"43":{"start":{"line":90,"column":6},"end":{"line":90,"column":70}},"44":{"start":{"line":92,"column":23},"end":{"line":92,"column":55}},"45":{"start":{"line":93,"column":6},"end":{"line":95,"column":7}},"46":{"start":{"line":94,"column":8},"end":{"line":94,"column":67}},"47":{"start":{"line":97,"column":22},"end":{"line":99,"column":7}},"48":{"start":{"line":102,"column":24},"end":{"line":102,"column":71}},"49":{"start":{"line":105,"column":28},"end":{"line":105,"column":95}},"50":{"start":{"line":106,"column":6},"end":{"line":116,"column":7}},"51":{"start":{"line":108,"column":8},"end":{"line":113,"column":9}},"52":{"start":{"line":109,"column":12},"end":{"line":109,"column":55}},"53":{"start":{"line":110,"column":12},"end":{"line":110,"column":113}},"54":{"start":{"line":112,"column":12},"end":{"line":112,"column":82}},"55":{"start":{"line":115,"column":8},"end":{"line":115,"column":76}},"56":{"start":{"line":121,"column":7},"end":{"line":124,"column":8}},"57":{"start":{"line":122,"column":11},"end":{"line":122,"column":89}},"58":{"start":{"line":123,"column":11},"end":{"line":123,"column":101}},"59":{"start":{"line":128,"column":6},"end":{"line":128,"column":55}},"60":{"start":{"line":129,"column":6},"end":{"line":129,"column":53}},"61":{"start":{"line":130,"column":6},"end":{"line":130,"column":56}},"62":{"start":{"line":133,"column":6},"end":{"line":133,"column":26}},"63":{"start":{"line":136,"column":6},"end":{"line":136,"column":49}},"64":{"start":{"line":138,"column":6},"end":{"line":138,"column":78}},"65":{"start":{"line":144,"column":4},"end":{"line":182,"column":5}},"66":{"start":{"line":145,"column":21},"end":{"line":145,"column":31}},"67":{"start":{"line":146,"column":6},"end":{"line":146,"column":72}},"68":{"start":{"line":148,"column":23},"end":{"line":148,"column":55}},"69":{"start":{"line":149,"column":6},"end":{"line":151,"column":7}},"70":{"start":{"line":150,"column":8},"end":{"line":150,"column":67}},"71":{"start":{"line":153,"column":22},"end":{"line":155,"column":7}},"72":{"start":{"line":157,"column":24},"end":{"line":157,"column":71}},"73":{"start":{"line":160,"column":7},"end":{"line":163,"column":8}},"74":{"start":{"line":161,"column":9},"end":{"line":161,"column":84}},"75":{"start":{"line":162,"column":9},"end":{"line":162,"column":109}},"76":{"start":{"line":167,"column":23},"end":{"line":167,"column":68}},"77":{"start":{"line":170,"column":6},"end":{"line":170,"column":61}},"78":{"start":{"line":172,"column":6},"end":{"line":177,"column":4
[...]
42}}],"line":125},"14":{"loc":{"start":{"line":126,"column":15},"end":{"line":126,"column":40}},"type":"binary-expr","locations":[{"start":{"line":126,"column":15},"end":{"line":126,"column":27}},{"start":{"line":126,"column":31},"end":{"line":126,"column":40}}],"line":126},"15":{"loc":{"start":{"line":156,"column":18},"end":{"line":156,"column":36}},"type":"binary-expr","locations":[{"start":{"line":156,"column":18},"end":{"line":156,"column":28}},{"start":{"line":156,"column":32},"end":{"line":156,"column":36}}],"line":156},"16":{"loc":{"start":{"line":156,"column":38},"end":{"line":156,"column":64}},"type":"binary-expr","locations":[{"start":{"line":156,"column":38},"end":{"line":156,"column":50}},{"start":{"line":156,"column":54},"end":{"line":156,"column":64}}],"line":156},"17":{"loc":{"start":{"line":156,"column":84},"end":{"line":156,"column":101}},"type":"binary-expr","locations":[{"start":{"line":156,"column":84},"end":{"line":156,"column":93}},{"start":{"line":156,"column":97},"end":{"line":156,"column":101}}],"line":156},"18":{"loc":{"start":{"line":167,"column":10},"end":{"line":167,"column":65}},"type":"cond-expr","locations":[{"start":{"line":167,"column":31},"end":{"line":167,"column":58}},{"start":{"line":167,"column":61},"end":{"line":167,"column":65}}],"line":167},"19":{"loc":{"start":{"line":176,"column":10},"end":{"line":176,"column":30}},"type":"binary-expr","locations":[{"start":{"line":176,"column":10},"end":{"line":176,"column":25}},{"start":{"line":176,"column":29},"end":{"line":176,"column":30}}],"line":176},"20":{"loc":{"start":{"line":204,"column":4},"end":{"line":206,"column":5}},"type":"if","locations":[{"start":{"line":204,"column":4},"end":{"line":206,"column":5}},{"start":{},"end":{}}],"line":204},"21":{"loc":{"start":{"line":204,"column":8},"end":{"line":204,"column":34}},"type":"binary-expr","locations":[{"start":{"line":204,"column":8},"end":{"line":204,"column":13}},{"start":{"line":204,"column":17},"end":{"line":204,"column":34}}],"line":204},"22":{"loc":{"start":{"line":228,"column":8},"end":{"line":228,"column":36}},"type":"binary-expr","locations":[{"start":{"line":228,"column":8},"end":{"line":228,"column":14}},{"start":{"line":228,"column":18},"end":{"line":228,"column":36}}],"line":228},"23":{"loc":{"start":{"line":245,"column":26},"end":{"line":245,"column":46}},"type":"binary-expr","locations":[{"start":{"line":245,"column":26},"end":{"line":245,"column":38}},{"start":{"line":245,"column":42},"end":{"line":245,"column":46}}],"line":245},"24":{"loc":{"start":{"line":258,"column":51},"end":{"line":258,"column":63}},"type":"default-arg","locations":[{"start":{"line":258,"column":61},"end":{"line":258,"column":63}}],"line":258}},"s":{"0":0,"1":0,"2":0,"3":0,"4":0,"5":0,"6":0,"7":0,"8":0,"9":0,"10":0,"11":0,"12":0,"13":0,"14":0,"15":0,"16":0,"17":0,"18":0,"19":0,"20":0,"21":0,"22":0,"23":0,"24":0,"25":0,"26":0,"27":0,"28":0,"29":0,"30":0,"31":0,"32":0,"33":0,"34":0,"35":0,"36":0,"37":0,"38":0,"39":0,"40":0,"41":0,"42":0,"43":0,"44":0,"45":0,"46":0,"47":0,"48":0,"49":0,"50":0,"51":0,"52":0,"53":0,"54":0,"55":0,"56":0,"57":0,"58":0,"59":0,"60":0,"61":0,"62":0,"63":0,"64":0,"65":0,"66":0,"67":0,"68":0,"69":0,"70":0,"71":0,"72":0,"73":0},"f":{"0":0,"1":0,"2":0,"3":0,"4":0,"5":0},"b":{"0":[0],"1":[0,0],"2":[0,0],"3":[0,0],"4":[0],"5":[0,0],"6":[0,0],"7":[0,0],"8":[0,0],"9":[0,0],"10":[0,0],"11":[0,0],"12":[0,0],"13":[0,0],"14":[0,0],"15":[0,0],"16":[0,0],"17":[0,0],"18":[0,0],"19":[0,0],"20":[0,0],"21":[0,0],"22":[0,0],"23":[0,0],"24":[0]}}
,"D:\\BDM_Final\\bdm-backend\\src\\services\\translateService.js": {"path":"D:\\BDM_Final\\bdm-backend\\src\\services\\translateService.js","statementMap":{"0":{"start":{"line":2,"column":23},"end":{"line":2,"column":40}},"1":{"start":{"line":3,"column":17},"end":{"line":3,"column":46}},"2":{"start":{"line":4,"column":18},"end":{"line":4,"column":40}},"3":{"start":{"line":6,"column":23},"end":{"line":24,"column":1}},"4":{"start":{"line":27,"column":24},"end":{"line":69,"column":1}},"5":{"start":{"line":29,"column":17},"end":{"line":29,"column":45}},"6":{"start":{"line":31,"column":2},"end":{"line":68,"column":3}},"7":{"start":{"line":32,"column":4},"end":{"line":51,"column":18}},"8":{"start":{"line":54,"column":4},"end":{"line":67,"column":18}},"9":{"start":{"line":73,"column":2},"end":{"line":133,"column":3}},"10":{"start":{"line":74,"column":4},"end":{"line":74,"column":85}},"11":{"start":{"line":77,"column":19},"end":{"line":77,"column":47}},"12":{"start":{"line":78,"column":4},"end":{"line":80,"column":5}},"13":{"start":{"line":79,"column":6},"end":{"line":79,"column":76}},"14":{"start":{"line":82,"column":22},"end":{"line":87,"column":5}},"15":{"start":{"line":89,"column":20},"end":{"line":92,"column":5}},"16":{"start":{"line":95,"column":19},"end":{"line":95,"column":75}},"17":{"start":{"line":97,"column":4},"end":{"line":99,"column":5}},"18":{"start":{"line":98,"column":6},"end":{"line":98,"column":66}},"19":{"start":{"line":101,"column":23},"end":{"line":101,"column":44}},"20":{"start":{"line":104,"column":4},"end":{"line":117,"column":5}},"21":{"start":{"line":106,"column":6},"end":{"line":108,"column":7}},"22":{"start":{"line":107,"column":8},"end":{"line":107,"column":96}},"23":{"start":{"line":111,"column":33},"end":{"line":111,"column":66}},"24":{"start":{"line":112,"column":34},"end":{"line":112,"column":73}},"25":{"start":{"line":114,"column":6},"end":{"line":116,"column":7}},"26":{"start":{"line":115,"column":8},"end":{"line":115,"column":137}},"27":{"start":{"line":119,"column":4},"end":{"line":119,"column":71}},"28":{"start":{"line":121,"column":4},"end":{"line":128,"column":6}},"29":{"start":{"line":131,"column":4},"end":{"line":131,"column":58}},"30":{"start":{"line":132,"column":4},"end":{"line":132,"column":60}},"31":{"start":{"line":138,"column":2},"end":{"line":200,"column":3}},"32":{"start":{"line":140,"column":33},"end":{"line":140,"column":70}},"33":{"start":{"line":143,"column":22},"end":{"line":143,"column":34}},"34":{"start":{"line":146,"column":22},"end":{"line":146,"column":59}},"35":{"start":{"line":149,"column":4},"end":{"line":162,"column":6}},"36":{"start":{"line":165,"column":4},"end":{"line":186,"column":5}},"37":{"start":{"line":166,"column":6},"end":{"line":183,"column":8}},"38":{"start":{"line":185,"column":6},"end":{"line":185,"column":74}},"39":{"start":{"line":188,"column":4},"end":{"line":188,"column":74}},"40":{"start":{"line":190,"column":4},"end":{"line":195,"column":6}},"41":{"start":{"line":198,"column":4},"end":{"line":198,"column":49}},"42":{"start":{"line":199,"column":4},"end":{"line":199,"column":16}},"43":{"start":{"line":205,"column":2},"end":{"line":268,"column":3}},"44":{"start":{"line":207,"column":19},"end":{"line":211,"column":5}},"45":{"start":{"line":213,"column":4},"end":{"line":215,"column":5}},"46":{"start":{"line":214,"column":6},"end":{"line":214,"column":54}},"47":{"start":{"line":217,"column":20},"end":{"line":217,"column":27}},"48":{"start":{"line":219,"column":4},"end":{"line":219,"column":95}},"49":{"start":{"line":222,"column":4},"end":{"line":239,"column":6}},"50":{"start":{"line":242,"column":4},"end":{"line":247,"column":6}},"51":{"start":{"line":250,"column":20},"end":{"line":254,"column":5}},"52":{"start":{"line":256,"column":26},"end":{"line":256,"column":46}},"53":{"start":{"line":258,"column":4},"end":{"line":258,"column":69}},"54":{"start":{"line":260,"column":4},"end":{"line":263,"column":6}},"55":{"start":{"line":266,"column":4},"end":{"line":266,"column":50}},"56":{"start":{"line":267,"column":4},"end":{"line":267,"column":16}},"57":{"start":{"line":271,"column":0},"end":{"line":275,"column":2}}},"fnMap":{"0":{"name":"(anonymous_0)","decl":{"start":{"line":27,"column":24},"end":{"line":27,"column":25}},"loc":{"start":{"line":27,"column":46},"end":{"line":69,"column":1}},"line":27},"1":{"name":"generateTranslation","decl":{"start":{"line":72,"column":15},"end":{"line":72,"column":34}},"loc":{"start":{"line":72,"column":53},"end":{"line":134,"column":1}},"line":72},"2":{"name":"createPreview","decl":{"start":{"line":137,"column":15},"end":{"line":137,"column":28}},"loc":{"start":{"line":137,"column":82},"end":{"line":201,"column":1}},"line":137},"3":{"name":"confirmPreview","decl":{"start":{"line":204,"column":15},"end":{"line":204,"column":29}},"loc":{"start":{"line":204,"column":53},"end":{"line":269,"column":1}},"line":204}},"branchMap":{"0":{"loc":{"start":{"line":31,"column":2},"end":{"line":68,"column":3}},"type":"if","locations":[{"start":{"line":31,"column":2},"end":{"line":68,"column":3}},{"start":{"line":52,"column":9},"end":{"line":68,"column":3}}],"line":31},"1":{"loc":{"start":{"line":34,"column":44},"end":{"line":34,"column":84}},"type":"binary-expr","locations":[{"start":{"line":34,"column":44},"end":{"line":34,"column":70}},{"start":{"line":34,"column":74},"end":{"line":34,"column":84}}],"line":34},"2":{"loc":{"start":{"line":56,"column":36},"end":{"line":56,"column":76}},"type":"binary-expr","locations":[{"start":{"line":56,"column":36},"end":{"line":56,"column":62}},{"start":{"line":56,"column":66},"end":{"line":56,"column":76}}],"line":56},"3":{"loc":{"start":{"line":78,"column":4},"end":{"line":80,"column":5}},"type":"if","locations":[{"start":{"line":78,"column":4},"end":{"line":80,"column":5}},{"start":{},"end":{}}],"line":78},"4":{"loc":{"start":{"line":84,"column":15},"end":{"line":86,"column":212}},"type":"cond-expr","locations":[{"start":{"line":85,"column":10},"end":{"line":85,"column":226}},{"start":{"line":86,"column":10},"end":{"line":86,"column":212}}],"line":84},"5":{"loc":{"start":{"line":97,"column":4},"end":{"line":99,"column":5}},"type":"if","locations":[{"start":{"line":97,"column":4},"end":{"line":99,"column":5}},{"start":{},"end":{}}],"line":97},"6":{"loc":{"start":{"line":97,"column":8},"end":{"line":97,"column":53}},"type":"binary-expr","locations":[{"start":{"line":97,"column":8},"end":{"line":97,"column":15}},{"start":{"line":97,"column":19},"end":{"line":97,"column":53}}],"line":97},"7":{"loc":{"start":{"line":104,"column":4},"end":{"line":117,"column":5}},"type":"if","locations":[{"start":{"line":104,"column":4},"end":{"line":117,"column":5}},{"start":{},"end":{}}],"line":104},"8":{"loc":{"start":{"line":106,"column":6},"end":{"line":108,"column":7}},"type":"if","locations":[{"start":{"line":106,"column":6},"end":{"line":108,"column":7}},{"start":{},"end":{}}],"line":106},"9":{"loc":{"start":{"line":111,"column":33},"end":{"line":111,"column":66}},"type":"binary-expr","locations":[{"start":{"line":111,"column":33},"end":{"line":111,"column":60}},{"start":{"line":111,"column":64},"end":{"line":111,"column":66}}],"line":111},"10":{"loc":{"start":{"line":112,"column":34},"end":{"line":112,"column":73}},"type":"binary-expr","locations":[{"start":{"line":112,"column":34},"end":{"line":112,"column":67}},{"start":{"line":112,"column":71},"end":{"line":112,"column":73}}],"line":112},"11":{"loc":{"start":{"line":114,"column":6},"end":{"line":116,"column":7}},"type":"if","locations":[{"start":{"line":114,"column":6},"end":{"line":116,"column":7}},{"start":{},"end":{}}],"line":114},"12":{"loc":{"start":{"line":124,"column":20},"end":{"line":124,"column":42}},"type":"binary-expr","locations":[{"start":{"line":124,"column":20},"end":{"line":124,"column":37}},{"start":{"line":124,"column":41},"end":{"line":124,"column":42}}],"line":124},"13":{"loc":{"start":{"line":125,"column":15},"end":{"line":125,"column":40}},"type":"binary-expr","locations":[{"start":{"line":125,"column":15},"end":{"line":125,"column":27}},{"start":{"line":125,"column":31},"end":{"line":125,"column":40}}],"line":125},"14":{"loc":{"start":{"line":155,"column":8},"end":{"line":155,"column":26}},"type":"binary-expr","locations":[{"start":{"line":155,"column":8},"end":{"line":155,"column":18}},{"start":{"line":155,"column":22},"end":{"line":155,"column":26}}],"line":155},"15":{"loc":{"start":{"line":156,"column":8},"end":{"line":156,"column":34}},"type":"binary-expr","locations":[{"start":{"line":156,"column":8},"end":{"line":156,"column":20}},{"start":{"line":156,"column":24},"end":{"line":156,"column":34}}],"line":156},"16":{"loc":{"start":{"line":159,"column":8},"end":{"line":159,"column":25}},"type":"binary-expr","locations":[{"start":{"line":159,"column":8},"end":{"line":159,"column":17}},{"start":{"line":159,"column":21},"end":{"line":159,"column":25}}],"line":159},"17":{"loc":{"start":{"line":172,"column":10},"end":{"line":172,"column":65}},"type":"cond-expr","locations":[{"start":{"line":172,"column":31},"end":{"line":172,"column":58}},{"start":{"line":172,"column":61},"end":{"line":172,"column":65}}],"line":172},"18":{"loc":{"start":{"line":178,"column":21},"end":{"line":178,"column":41}},"type":"binary-expr","locations":[{"start":{"line":178,"column":21},"end":{"line":178,"column":32}},{"start":{"line":178,"column":36},"end":{"line":178,"column":41}}],"line":178},"19":{"loc":{"start":{"line":180,"column":10},"end":{"line":180,"column":30}},"type":"binary-expr","locations":[{"start":{"line":180,"column":10},"end":{"line":180,"column":25}},{"start":{"line":180,"column":29},"end":{"line":180,"column":30}}],"line":180},"20":{"loc":{"start":{"line":213,"column":4},"end":{"line":215,"column":5}},"type":"if","locations":[{"start":{"line":213,"column":4},"end":{"line":215,"column":5}},{"start":{},"end":{}}],"line":213},"21":{"loc":{"start":{"line":213,"column":8},"end":{"line":213,"column":34}},"type":"binary-expr","locations":[{"start":{"line":213,"column":8},"end":{"line":213,"column":13}},{"start":{"line":213,"column":17},"end":{"line":213,"column":34}}],"line":213},"22":{"loc":{"start":{"line":237,"column":8},"end":{"line":237,"column":36}},"type":"binary-expr","locations":[{"start":{"line":237,"column":8},"end":{"line":237,"column":14}},{"start":{"line":237,"column":18},"end":{"line":237,"column":36}}],"line":237},"23":{"loc":{"start":{"line":256,"column":26},"end":{"line":256,"column":46}},"type":"binary-expr","locations":[{"start":{"line":256,"column":26},"end":{"line":256,"column":38}},{"start":{"line":256,"column":42},"end":{"line":256,"column":46}}],"line":256}},"s":{"0":1,"1":1,"2":1,"3":1,"4":1,"5":0,"6":0,"7":0,"8":0,"9":0,"10":0,"11":0,"12":0,"13":0,"14":0,"15":0,"16":0,"17":0,"18":0,"19":0,"20":0,"21":0,"22":0,"23":0,"24":0,"25":0,"26":0,"27":0,"28":0,"29":0,"30":0,"31":0,"32":0,"33":0,"34":0,"35":0,"36":0,"37":0,"38":0,"39":0,"40":0,"41":0,"42":0,"43":0,"44":0,"45":0,"46":0,"47":0,"48":0,"49":0,"50":0,"51":0,"52":0,"53":0,"54":0,"55":0,"56":0,"57":1},"f":{"0":0,"1":0,"2":0,"3":0},"b":{"0":[0,0],"1":[0,0],"2":[0,0],"3":[0,0],"4":[0,0],"5":[0,0],"6":[0,0],"7":[0,0],"8":[0,0],"9":[0,0],"10":[0,0],"11":[0,0],"12":[0,0],"13":[0,0],"14":[0,0],"15":[0,0],"16":[0,0],"17":[0,0],"18":[0,0],"19":[0,0],"20":[0,0],"21":[0,0],"22":[0,0],"23":[0,0]},"_coverageSchema":"1a1c01bbd47fc00a2c39e90264f33305004495a9","hash":"0cdf60f5523064b0d0f9e8457e7dcd84d5075960"}
,"D:\\BDM_Final\\bdm-backend\\src\\utils\\responseHandler.js": {"path":"D:\\BDM_Final\\bdm-backend\\src\\utils\\responseHandler.js","statementMap":{"0":{"start":{"line":4,"column":4},"end":{"line":8,"column":7}},"1":{"start":{"line":12,"column":4},"end":{"line":12,"column":49}},"2":{"start":{"line":16,"column":4},"end":{"line":20,"column":7}},"3":{"start":{"line":24,"column":4},"end":{"line":24,"column":49}},"4":{"start":{"line":28,"column":4},"end":{"line":28,"column":41}},"5":{"start":{"line":32,"column":4},"end":{"line":32,"column":42}},"6":{"start":{"line":33,"column":4},"end":{"line":33,"column":57}},"7":{"start":{"line":37,"column":4},"end":{"line":37,"column":41}},"8":{"start":{"line":41,"column":4},"end":{"line":41,"column":41}},"9":{"start":{"line":45,"column":0},"end":{"line":45,"column":39}}},"fnMap":{"0":{"name":"(anonymous_0)","decl":{"start":{"line":3,"column":2},"end":{"line":3,"column":3}},"loc":{"start":{"line":3,"column":60},"end":{"line":9,"column":3}},"line":3},"1":{"name":"(anonymous_1)","decl":{"start":{"line":11,"column":2},"end":{"line":11,"column":3}},"loc":{"start":{"line":11,"column":64},"end":{"line":13,"column":3}},"line":11},"2":{"name":"(anonymous_2)","decl":{"start":{"line":15,"column":2},"end":{"line":15,"column":3}},"loc":{"start":{"line":15,"column":77},"end":{"line":21,"column":3}},"line":15},"3":{"name":"(anonymous_3)","decl":{"start":{"line":23,"column":2},"end":{"line":23,"column":3}},"loc":{"start":{"line":23,"column":58},"end":{"line":25,"column":3}},"line":23},"4":{"name":"(anonymous_4)","decl":{"start":{"line":27,"column":2},"end":{"line":27,"column":3}},"loc":{"start":{"line":27,"column":48},"end":{"line":29,"column":3}},"line":27},"5":{"name":"(anonymous_5)","decl":{"start":{"line":31,"column":2},"end":{"line":31,"column":3}},"loc":{"start":{"line":31,"column":68},"end":{"line":34,"column":3}},"line":31},"6":{"name":"(anonymous_6)","decl":{"start":{"line":36,"column":2},"end":{"line":36,"column":3}},"loc":{"start":{"line":36,"column":53},"end":{"line":38,"column":3}},"line":36},"7":{"name":"(anonymous_7)","decl":{"start":{"line":40,"column":2},"end":{"line":40,"column":3}},"loc":{"start":{"line":40,"column":40},"end":{"line":42,"column":3}},"line":40}},"branchMap":{"0":{"loc":{"start":{"line":3,"column":21},"end":{"line":3,"column":40}},"type":"default-arg","locations":[{"start":{"line":3,"column":31},"end":{"line":3,"column":40}}],"line":3},"1":{"loc":{"start":{"line":3,"column":42},"end":{"line":3,"column":58}},"type":"default-arg","locations":[{"start":{"line":3,"column":55},"end":{"line":3,"column":58}}],"line":3},"2":{"loc":{"start":{"line":11,"column":21},"end":{"line":11,"column":62}},"type":"default-arg","locations":[{"start":{"line":11,"column":31},"end":{"line":11,"column":62}}],"line":11},"3":{"loc":{"start":{"line":15,"column":13},"end":{"line":15,"column":42}},"type":"default-arg","locations":[{"start":{"line":15,"column":23},"end":{"line":15,"column":42}}],"line":15},"4":{"loc":{"start":{"line":15,"column":44},"end":{"line":15,"column":60}},"type":"default-arg","locations":[{"start":{"line":15,"column":57},"end":{"line":15,"column":60}}],"line":15},"5":{"loc":{"start":{"line":15,"column":62},"end":{"line":15,"column":75}},"type":"default-arg","locations":[{"start":{"line":15,"column":71},"end":{"line":15,"column":75}}],"line":15},"6":{"loc":{"start":{"line":23,"column":18},"end":{"line":23,"column":41}},"type":"default-arg","locations":[{"start":{"line":23,"column":28},"end":{"line":23,"column":41}}],"line":23},"7":{"loc":{"start":{"line":23,"column":43},"end":{"line":23,"column":56}},"type":"default-arg","locations":[{"start":{"line":23,"column":52},"end":{"line":23,"column":56}}],"line":23},"8":{"loc":{"start":{"line":27,"column":16},"end":{"line":27,"column":46}},"type":"default-arg","locations":[{"start":{"line":27,"column":26},"end":{"line":27,"column":46}}],"line":27},"9":{"loc":{"start":{"line":31,"column":19},"end":{"line":31,"column":52}},"type":"default-arg","locations":[{"start":{"line":31,"column":29},"end":{"line":31,"column":52}}],"line":31},"10":{"loc":{"start":{"line":31,"column":54},"end":{"line":31,"column":66}},"type":"default-arg","locations":[{"start":{"line":31,"column":62},"end":{"line":31,"column":66}}],"line":31},"11":{"loc":{"start":{"line":36,"column":20},"end":{"line":36,"column":51}},"type":"default-arg","locations":[{"start":{"line":36,"column":30},"end":{"line":36,"column":51}}],"line":36},"12":{"loc":{"start":{"line":40,"column":17},"end":{"line":40,"column":38}},"type":"default-arg","locations":[{"start":{"line":40,"column":27},"end":{"line":40,"column":38}}],"line":40}},"s":{"0":7,"1":2,"2":5,"3":2,"4":3,"5":0,"6":0,"7":0,"8":0,"9":1},"f":{"0":7,"1":2,"2":5,"3":2,"4":3,"5":0,"6":0,"7":0},"b":{"0":[3],"1":[5],"2":[0],"3":[0],"4":[0],"5":[3],"6":[0],"7":[2],"8":[0],"9":[0],"10":[0],"11":[0],"12":[0]},"_coverageSchema":"1a1c01bbd47fc00a2c39e90264f33305004495a9","hash":"b3b7d39b21f3ae2158d1609450f83b32b40ccad8"}
}
