TN:
SF:src\controllers\clauseController.js
FN:13,(anonymous_0)
FN:31,(anonymous_1)
FN:46,(anonymous_2)
FN:69,(anonymous_3)
FN:86,(anonymous_4)
FN:101,(anonymous_5)
FN:116,(anonymous_6)
FN:152,(anonymous_7)
FN:172,(anonymous_8)
FN:197,(anonymous_9)
FN:208,(anonymous_10)
FN:230,(anonymous_11)
FN:246,(anonymous_12)
FN:274,(anonymous_13)
FN:295,(anonymous_14)
FN:314,(anonymous_15)
FNF:16
FNH:6
FNDA:2,(anonymous_0)
FNDA:2,(anonymous_1)
FNDA:2,(anonymous_2)
FNDA:2,(anonymous_3)
FNDA:2,(anonymous_4)
FNDA:0,(anonymous_5)
FNDA:2,(anonymous_6)
FNDA:0,(anonymous_7)
FNDA:0,(anonymous_8)
FNDA:0,(anonymous_9)
FNDA:0,(anonymous_10)
FNDA:0,(anonymous_11)
FNDA:0,(anonymous_12)
FNDA:0,(anonymous_13)
FNDA:0,(anonymous_14)
FNDA:0,(anonymous_15)
DA:2,1
DA:3,1
DA:4,1
DA:5,1
DA:14,2
DA:15,2
DA:17,2
DA:18,2
DA:19,2
DA:20,2
DA:21,2
DA:23,2
DA:25,2
DA:27,0
DA:32,2
DA:33,2
DA:34,2
DA:36,2
DA:37,1
DA:40,1
DA:42,0
DA:47,2
DA:48,2
DA:50,2
DA:51,1
DA:54,1
DA:63,1
DA:65,0
DA:70,2
DA:71,2
DA:72,2
DA:74,2
DA:76,2
DA:77,1
DA:80,1
DA:82,0
DA:87,2
DA:88,2
DA:89,2
DA:91,2
DA:92,1
DA:95,1
DA:97,0
DA:102,0
DA:103,0
DA:104,0
DA:106,0
DA:108,0
DA:117,2
DA:118,2
DA:121,2
DA:122,0
DA:125,2
DA:132,2
DA:138,1
DA:140,1
DA:142,1
DA:144,1
DA:145,1
DA:148,0
DA:153,0
DA:154,0
DA:156,0
DA:157,0
DA:160,0
DA:162,0
DA:164,0
DA:173,0
DA:174,0
DA:175,0
DA:177,0
DA:178,0
DA:181,0
DA:183,0
DA:184,0
DA:187,0
DA:193,0
DA:198,0
DA:199,0
DA:200,0
DA:202,0
DA:204,0
DA:209,0
DA:210,0
DA:211,0
DA:213,0
DA:215,0
DA:217,0
DA:219,0
DA:222,0
DA:231,0
DA:232,0
DA:234,0
DA:235,0
DA:238,0
DA:240,0
DA:242,0
DA:243,0
DA:246,0
DA:254,0
DA:261,0
DA:269,0
DA:270,0
DA:275,0
DA:276,0
DA:278,0
DA:279,0
DA:282,0
DA:285,0
DA:286,0
DA:287,0
DA:294,0
DA:295,0
DA:304,0
DA:310,0
DA:315,0
DA:316,0
DA:318,0
DA:319,0
DA:322,0
DA:324,0
DA:326,0
DA:327,0
DA:330,0
DA:338,0
DA:341,0
DA:348,0
DA:351,0
DA:352,0
DA:357,1
LF:130
LH:49
BRDA:18,0,0,1
BRDA:18,0,1,1
BRDA:19,1,0,0
BRDA:19,1,1,2
BRDA:20,2,0,0
BRDA:20,2,1,2
BRDA:21,3,0,0
BRDA:21,3,1,2
BRDA:36,4,0,1
BRDA:36,4,1,1
BRDA:50,5,0,1
BRDA:50,5,1,1
BRDA:50,6,0,2
BRDA:50,6,1,2
BRDA:50,6,2,1
BRDA:57,7,0,1
BRDA:57,7,1,1
BRDA:60,8,0,1
BRDA:60,8,1,1
BRDA:76,9,0,1
BRDA:76,9,1,1
BRDA:91,10,0,1
BRDA:91,10,1,1
BRDA:121,11,0,0
BRDA:121,11,1,2
BRDA:121,12,0,2
BRDA:121,12,1,2
BRDA:144,13,0,1
BRDA:144,13,1,0
BRDA:156,14,0,0
BRDA:156,14,1,0
BRDA:177,15,0,0
BRDA:177,15,1,0
BRDA:183,16,0,0
BRDA:183,16,1,0
BRDA:190,17,0,0
BRDA:190,17,1,0
BRDA:211,18,0,0
BRDA:211,18,1,0
BRDA:217,19,0,0
BRDA:217,19,1,0
BRDA:217,20,0,0
BRDA:217,20,1,0
BRDA:232,21,0,0
BRDA:234,22,0,0
BRDA:234,22,1,0
BRDA:242,23,0,0
BRDA:242,23,1,0
BRDA:248,24,0,0
BRDA:248,24,1,0
BRDA:278,25,0,0
BRDA:278,25,1,0
BRDA:278,26,0,0
BRDA:278,26,1,0
BRDA:278,26,2,0
BRDA:286,27,0,0
BRDA:286,27,1,0
BRDA:286,28,0,0
BRDA:286,28,1,0
BRDA:286,28,2,0
BRDA:298,29,0,0
BRDA:298,29,1,0
BRDA:316,30,0,0
BRDA:318,31,0,0
BRDA:318,31,1,0
BRDA:318,32,0,0
BRDA:318,32,1,0
BRDA:326,33,0,0
BRDA:326,33,1,0
BRDA:333,34,0,0
BRDA:333,34,1,0
BRF:71
BRH:24
end_of_record
TN:
SF:src\controllers\documentController.js
FN:20,escapeHtml
FN:28,(anonymous_1)
FN:32,extractPlaceholdersFromTemplate
FN:35,(anonymous_3)
FN:39,(anonymous_4)
FN:51,normalizeKey
FN:60,buildTemplateBaseName
FN:68,getPrimaryIdentifier
FN:72,(anonymous_8)
FN:103,cleanForFilename
FN:116,(anonymous_10)
FN:147,(anonymous_11)
FN:149,(anonymous_12)
FN:184,(anonymous_13)
FN:186,(anonymous_14)
FN:214,(anonymous_15)
FN:244,(anonymous_16)
FN:272,(anonymous_17)
FN:280,(anonymous_18)
FN:304,(anonymous_19)
FN:306,(anonymous_20)
FN:349,(anonymous_21)
FN:376,(anonymous_22)
FN:390,(anonymous_23)
FN:393,(anonymous_24)
FN:398,(anonymous_25)
FN:415,(anonymous_26)
FN:455,(anonymous_27)
FN:472,(anonymous_28)
FN:492,(anonymous_29)
FN:514,(anonymous_30)
FN:535,(anonymous_31)
FN:545,(anonymous_32)
FN:585,(anonymous_33)
FN:593,(anonymous_34)
FN:595,(anonymous_35)
FNF:36
FNH:0
FNDA:0,escapeHtml
FNDA:0,(anonymous_1)
FNDA:0,extractPlaceholdersFromTemplate
FNDA:0,(anonymous_3)
FNDA:0,(anonymous_4)
FNDA:0,normalizeKey
FNDA:0,buildTemplateBaseName
FNDA:0,getPrimaryIdentifier
FNDA:0,(anonymous_8)
FNDA:0,cleanForFilename
FNDA:0,(anonymous_10)
FNDA:0,(anonymous_11)
FNDA:0,(anonymous_12)
FNDA:0,(anonymous_13)
FNDA:0,(anonymous_14)
FNDA:0,(anonymous_15)
FNDA:0,(anonymous_16)
FNDA:0,(anonymous_17)
FNDA:0,(anonymous_18)
FNDA:0,(anonymous_19)
FNDA:0,(anonymous_20)
FNDA:0,(anonymous_21)
FNDA:0,(anonymous_22)
FNDA:0,(anonymous_23)
FNDA:0,(anonymous_24)
FNDA:0,(anonymous_25)
FNDA:0,(anonymous_26)
FNDA:0,(anonymous_27)
FNDA:0,(anonymous_28)
FNDA:0,(anonymous_29)
FNDA:0,(anonymous_30)
FNDA:0,(anonymous_31)
FNDA:0,(anonymous_32)
FNDA:0,(anonymous_33)
FNDA:0,(anonymous_34)
FNDA:0,(anonymous_35)
DA:3,1
DA:4,1
DA:5,1
DA:6,1
DA:7,1
DA:8,1
DA:9,1
DA:10,1
DA:13,1
DA:21,0
DA:28,0
DA:33,0
DA:34,0
DA:35,0
DA:36,0
DA:37,0
DA:38,0
DA:39,0
DA:40,0
DA:41,0
DA:47,0
DA:52,0
DA:61,0
DA:62,0
DA:63,0
DA:64,0
DA:69,0
DA:71,0
DA:72,0
DA:73,0
DA:74,0
DA:75,0
DA:79,0
DA:90,0
DA:91,0
DA:94,0
DA:95,0
DA:96,0
DA:100,0
DA:104,0
DA:117,0
DA:118,0
DA:121,0
DA:122,0
DA:123,0
DA:126,0
DA:134,0
DA:138,0
DA:139,0
DA:140,0
DA:141,0
DA:144,0
DA:146,0
DA:147,0
DA:148,0
DA:149,0
DA:150,0
DA:151,0
DA:152,0
DA:154,0
DA:158,0
DA:160,0
DA:168,0
DA:172,0
DA:173,0
DA:176,0
DA:177,0
DA:178,0
DA:181,0
DA:183,0
DA:184,0
DA:185,0
DA:186,0
DA:187,0
DA:188,0
DA:189,0
DA:191,0
DA:195,0
DA:197,0
DA:205,0
DA:208,0
DA:209,0
DA:215,0
DA:216,0
DA:217,0
DA:219,0
DA:220,0
DA:222,0
DA:223,0
DA:226,0
DA:227,0
DA:228,0
DA:231,0
DA:233,0
DA:234,0
DA:235,0
DA:237,0
DA:238,0
DA:241,0
DA:242,0
DA:244,0
DA:245,0
DA:246,0
DA:249,0
DA:250,0
DA:257,0
DA:258,0
DA:260,0
DA:262,0
DA:263,0
DA:265,0
DA:266,0
DA:267,0
DA:268,0
DA:271,0
DA:272,0
DA:273,0
DA:274,0
DA:275,0
DA:276,0
DA:279,0
DA:280,0
DA:282,0
DA:283,0
DA:290,0
DA:291,0
DA:292,0
DA:299,0
DA:300,0
DA:302,0
DA:304,0
DA:305,0
DA:306,0
DA:307,0
DA:308,0
DA:310,0
DA:313,0
DA:321,0
DA:322,0
DA:323,0
DA:326,0
DA:329,0
DA:335,0
DA:340,0
DA:343,0
DA:344,0
DA:350,0
DA:351,0
DA:352,0
DA:354,0
DA:355,0
DA:357,0
DA:358,0
DA:361,0
DA:362,0
DA:363,0
DA:365,0
DA:366,0
DA:369,0
DA:370,0
DA:372,0
DA:373,0
DA:375,0
DA:376,0
DA:377,0
DA:380,0
DA:382,0
DA:383,0
DA:390,0
DA:391,0
DA:393,0
DA:394,0
DA:395,0
DA:398,0
DA:399,0
DA:400,0
DA:403,0
DA:407,0
DA:415,0
DA:418,0
DA:419,0
DA:420,0
DA:422,0
DA:430,0
DA:432,0
DA:433,0
DA:436,0
DA:439,0
DA:441,0
DA:446,0
DA:449,0
DA:450,0
DA:456,0
DA:457,0
DA:458,0
DA:460,0
DA:462,0
DA:463,0
DA:466,0
DA:467,0
DA:473,0
DA:474,0
DA:476,0
DA:477,0
DA:478,0
DA:481,0
DA:484,0
DA:485,0
DA:493,0
DA:494,0
DA:495,0
DA:497,0
DA:499,0
DA:500,0
DA:503,0
DA:506,0
DA:507,0
DA:515,0
DA:516,0
DA:518,0
DA:520,0
DA:521,0
DA:524,0
DA:527,0
DA:528,0
DA:536,0
DA:537,0
DA:538,0
DA:540,0
DA:541,0
DA:543,0
DA:544,0
DA:545,0
DA:547,0
DA:550,0
DA:551,0
DA:554,0
DA:561,0
DA:562,0
DA:570,0
DA:577,0
DA:578,0
DA:586,0
DA:587,0
DA:588,0
DA:590,0
DA:591,0
DA:593,0
DA:594,0
DA:595,0
DA:597,0
DA:600,0
DA:601,0
DA:602,0
DA:606,0
DA:609,0
DA:611,0
DA:612,0
DA:616,0
DA:619,0
DA:620,0
DA:626,0
DA:629,0
DA:630,0
DA:633,0
DA:634,0
DA:639,0
DA:641,0
DA:646,0
DA:649,0
DA:651,0
DA:667,0
DA:669,0
DA:674,0
DA:677,0
DA:678,0
DA:683,1
LF:277
LH:10
BRDA:28,0,0,0
BRDA:28,0,1,0
BRDA:34,1,0,0
BRDA:34,1,1,0
BRDA:34,2,0,0
BRDA:34,2,1,0
BRDA:36,3,0,0
BRDA:36,3,1,0
BRDA:36,4,0,0
BRDA:36,4,1,0
BRDA:38,5,0,0
BRDA:38,5,1,0
BRDA:41,6,0,0
BRDA:41,6,1,0
BRDA:52,7,0,0
BRDA:52,7,1,0
BRDA:61,8,0,0
BRDA:61,8,1,0
BRDA:61,8,2,0
BRDA:63,9,0,0
BRDA:63,9,1,0
BRDA:69,10,0,0
BRDA:69,10,1,0
BRDA:69,11,0,0
BRDA:69,11,1,0
BRDA:74,12,0,0
BRDA:74,12,1,0
BRDA:74,13,0,0
BRDA:74,13,1,0
BRDA:74,13,2,0
BRDA:91,14,0,0
BRDA:91,14,1,0
BRDA:95,15,0,0
BRDA:95,15,1,0
BRDA:95,16,0,0
BRDA:95,16,1,0
BRDA:104,17,0,0
BRDA:104,17,1,0
BRDA:121,18,0,0
BRDA:121,18,1,0
BRDA:121,19,0,0
BRDA:121,19,1,0
BRDA:121,19,2,0
BRDA:122,20,0,0
BRDA:122,20,1,0
BRDA:122,21,0,0
BRDA:122,21,1,0
BRDA:131,22,0,0
BRDA:131,22,1,0
BRDA:138,23,0,0
BRDA:138,23,1,0
BRDA:140,24,0,0
BRDA:140,24,1,0
BRDA:144,25,0,0
BRDA:144,25,1,0
BRDA:146,26,0,0
BRDA:146,26,1,0
BRDA:146,27,0,0
BRDA:146,27,1,0
BRDA:148,28,0,0
BRDA:148,28,1,0
BRDA:150,29,0,0
BRDA:150,29,1,0
BRDA:158,30,0,0
BRDA:158,30,1,0
BRDA:165,31,0,0
BRDA:165,31,1,0
BRDA:172,32,0,0
BRDA:172,32,1,0
BRDA:176,33,0,0
BRDA:176,33,1,0
BRDA:177,34,0,0
BRDA:177,34,1,0
BRDA:177,35,0,0
BRDA:177,35,1,0
BRDA:178,36,0,0
BRDA:178,36,1,0
BRDA:183,37,0,0
BRDA:183,37,1,0
BRDA:183,38,0,0
BRDA:183,38,1,0
BRDA:185,39,0,0
BRDA:185,39,1,0
BRDA:187,40,0,0
BRDA:187,40,1,0
BRDA:195,41,0,0
BRDA:195,41,1,0
BRDA:202,42,0,0
BRDA:202,42,1,0
BRDA:219,43,0,0
BRDA:219,43,1,0
BRDA:222,44,0,0
BRDA:222,44,1,0
BRDA:222,45,0,0
BRDA:222,45,1,0
BRDA:227,46,0,0
BRDA:227,46,1,0
BRDA:237,47,0,0
BRDA:237,47,1,0
BRDA:246,48,0,0
BRDA:246,48,1,0
BRDA:249,49,0,0
BRDA:249,49,1,0
BRDA:268,50,0,0
BRDA:268,50,1,0
BRDA:275,51,0,0
BRDA:275,51,1,0
BRDA:276,52,0,0
BRDA:276,52,1,0
BRDA:280,53,0,0
BRDA:280,53,1,0
BRDA:282,54,0,0
BRDA:282,54,1,0
BRDA:291,55,0,0
BRDA:291,55,1,0
BRDA:302,56,0,0
BRDA:302,56,1,0
BRDA:322,57,0,0
BRDA:322,57,1,0
BRDA:354,58,0,0
BRDA:354,58,1,0
BRDA:357,59,0,0
BRDA:357,59,1,0
BRDA:357,60,0,0
BRDA:357,60,1,0
BRDA:365,61,0,0
BRDA:365,61,1,0
BRDA:382,62,0,0
BRDA:382,62,1,0
BRDA:382,63,0,0
BRDA:382,63,1,0
BRDA:385,64,0,0
BRDA:385,64,1,0
BRDA:407,65,0,0
BRDA:407,65,1,0
BRDA:407,65,2,0
BRDA:407,65,3,0
BRDA:407,65,4,0
BRDA:407,65,5,0
BRDA:407,65,6,0
BRDA:407,65,7,0
BRDA:407,65,8,0
BRDA:407,65,9,0
BRDA:415,66,0,0
BRDA:415,66,1,0
BRDA:432,67,0,0
BRDA:432,67,1,0
BRDA:432,68,0,0
BRDA:432,68,1,0
BRDA:460,69,0,0
BRDA:460,69,1,0
BRDA:477,70,0,0
BRDA:477,70,1,0
BRDA:499,71,0,0
BRDA:499,71,1,0
BRDA:520,72,0,0
BRDA:520,72,1,0
BRDA:538,73,0,0
BRDA:541,74,0,0
BRDA:541,74,1,0
BRDA:544,75,0,0
BRDA:544,75,1,0
BRDA:550,76,0,0
BRDA:550,76,1,0
BRDA:561,77,0,0
BRDA:561,77,1,0
BRDA:588,78,0,0
BRDA:588,79,0,0
BRDA:588,80,0,0
BRDA:591,81,0,0
BRDA:591,81,1,0
BRDA:594,82,0,0
BRDA:594,82,1,0
BRDA:600,83,0,0
BRDA:600,83,1,0
BRDA:604,84,0,0
BRDA:604,84,1,0
BRDA:611,85,0,0
BRDA:611,85,1,0
BRDA:616,86,0,0
BRDA:616,86,1,0
BRDA:619,87,0,0
BRDA:619,87,1,0
BRDA:626,88,0,0
BRDA:626,88,1,0
BRDA:629,89,0,0
BRDA:629,89,1,0
BRDA:633,90,0,0
BRDA:633,90,1,0
BRDA:643,91,0,0
BRDA:643,91,1,0
BRDA:671,92,0,0
BRDA:671,92,1,0
BRF:193
BRH:0
end_of_record
TN:
SF:src\controllers\pdfController.js
FN:12,(anonymous_0)
FN:47,(anonymous_1)
FN:87,(anonymous_2)
FN:143,(anonymous_3)
FN:186,(anonymous_4)
FNF:5
FNH:0
FNDA:0,(anonymous_0)
FNDA:0,(anonymous_1)
FNDA:0,(anonymous_2)
FNDA:0,(anonymous_3)
FNDA:0,(anonymous_4)
DA:3,1
DA:4,1
DA:5,1
DA:6,1
DA:7,1
DA:13,0
DA:14,0
DA:15,0
DA:17,0
DA:18,0
DA:19,0
DA:22,0
DA:27,0
DA:30,0
DA:31,0
DA:32,0
DA:35,0
DA:36,0
DA:38,0
DA:41,0
DA:42,0
DA:48,0
DA:49,0
DA:50,0
DA:51,0
DA:53,0
DA:54,0
DA:55,0
DA:58,0
DA:62,0
DA:65,0
DA:66,0
DA:67,0
DA:70,0
DA:72,0
DA:74,0
DA:75,0
DA:77,0
DA:78,0
DA:81,0
DA:82,0
DA:88,0
DA:89,0
DA:90,0
DA:92,0
DA:93,0
DA:94,0
DA:97,0
DA:102,0
DA:105,0
DA:106,0
DA:108,0
DA:109,0
DA:110,0
DA:112,0
DA:115,0
DA:121,0
DA:122,0
DA:123,0
DA:128,0
DA:129,0
DA:130,0
DA:133,0
DA:136,0
DA:138,0
DA:144,0
DA:145,0
DA:146,0
DA:148,0
DA:149,0
DA:150,0
DA:153,0
DA:157,0
DA:160,0
DA:161,0
DA:162,0
DA:167,0
DA:170,0
DA:172,0
DA:180,0
DA:181,0
DA:187,0
DA:188,0
DA:189,0
DA:190,0
DA:193,0
DA:194,0
DA:195,0
DA:198,0
DA:199,0
DA:200,0
DA:201,0
DA:202,0
DA:203,0
DA:206,0
DA:209,0
DA:210,0
DA:211,0
DA:215,0
DA:216,0
DA:218,0
DA:226,0
DA:227,0
DA:235,0
DA:245,0
DA:246,0
DA:251,1
LF:107
LH:6
BRDA:18,0,0,0
BRDA:18,0,1,0
BRDA:23,1,0,0
BRDA:23,1,1,0
BRDA:30,2,0,0
BRDA:30,2,1,0
BRDA:30,3,0,0
BRDA:30,3,1,0
BRDA:54,4,0,0
BRDA:54,4,1,0
BRDA:59,5,0,0
BRDA:59,5,1,0
BRDA:65,6,0,0
BRDA:65,6,1,0
BRDA:65,7,0,0
BRDA:65,7,1,0
BRDA:70,8,0,0
BRDA:70,8,1,0
BRDA:70,9,0,0
BRDA:70,9,1,0
BRDA:93,10,0,0
BRDA:93,10,1,0
BRDA:98,11,0,0
BRDA:98,11,1,0
BRDA:108,12,0,0
BRDA:108,12,1,0
BRDA:108,13,0,0
BRDA:108,13,1,0
BRDA:121,14,0,0
BRDA:121,14,1,0
BRDA:121,15,0,0
BRDA:121,15,1,0
BRDA:149,16,0,0
BRDA:149,16,1,0
BRDA:154,17,0,0
BRDA:154,17,1,0
BRDA:160,18,0,0
BRDA:160,18,1,0
BRDA:160,19,0,0
BRDA:160,19,1,0
BRDA:189,20,0,0
BRDA:189,20,1,0
BRDA:189,21,0,0
BRDA:189,21,1,0
BRDA:189,21,2,0
BRDA:201,22,0,0
BRDA:201,22,1,0
BRDA:209,23,0,0
BRDA:209,23,1,0
BRDA:209,24,0,0
BRDA:209,24,1,0
BRDA:229,25,0,0
BRDA:229,25,1,0
BRF:53
BRH:0
end_of_record
TN:
SF:src\controllers\templateController.js
FN:8,(anonymous_0)
FN:24,(anonymous_1)
FN:40,(anonymous_2)
FN:62,(anonymous_3)
FN:84,(anonymous_4)
FN:102,(anonymous_5)
FN:118,(anonymous_6)
FN:140,(anonymous_7)
FN:157,(anonymous_8)
FN:183,(anonymous_9)
FN:190,(anonymous_10)
FN:210,(anonymous_11)
FN:241,(anonymous_12)
FNF:13
FNH:0
FNDA:0,(anonymous_0)
FNDA:0,(anonymous_1)
FNDA:0,(anonymous_2)
FNDA:0,(anonymous_3)
FNDA:0,(anonymous_4)
FNDA:0,(anonymous_5)
FNDA:0,(anonymous_6)
FNDA:0,(anonymous_7)
FNDA:0,(anonymous_8)
FNDA:0,(anonymous_9)
FNDA:0,(anonymous_10)
FNDA:0,(anonymous_11)
FNDA:0,(anonymous_12)
DA:1,1
DA:2,1
DA:3,1
DA:4,1
DA:9,0
DA:10,0
DA:12,0
DA:13,0
DA:15,0
DA:17,0
DA:19,0
DA:25,0
DA:26,0
DA:27,0
DA:29,0
DA:30,0
DA:33,0
DA:35,0
DA:41,0
DA:42,0
DA:44,0
DA:45,0
DA:48,0
DA:55,0
DA:57,0
DA:63,0
DA:64,0
DA:66,0
DA:67,0
DA:70,0
DA:77,0
DA:79,0
DA:85,0
DA:86,0
DA:87,0
DA:89,0
DA:91,0
DA:92,0
DA:95,0
DA:97,0
DA:103,0
DA:104,0
DA:105,0
DA:107,0
DA:108,0
DA:111,0
DA:113,0
DA:119,0
DA:120,0
DA:121,0
DA:123,0
DA:124,0
DA:127,0
DA:129,0
DA:130,0
DA:133,0
DA:135,0
DA:141,0
DA:142,0
DA:144,0
DA:146,0
DA:147,0
DA:150,0
DA:152,0
DA:158,0
DA:159,0
DA:161,0
DA:162,0
DA:165,0
DA:169,0
DA:171,0
DA:172,0
DA:175,0
DA:176,0
DA:179,0
DA:182,0
DA:183,0
DA:190,0
DA:192,0
DA:195,0
DA:202,0
DA:204,0
DA:205,0
DA:206,0
DA:211,0
DA:212,0
DA:214,0
DA:215,0
DA:218,0
DA:220,0
DA:221,0
DA:225,0
DA:232,0
DA:235,0
DA:236,0
DA:242,0
DA:243,0
DA:244,0
DA:246,0
DA:248,0
DA:253,1
LF:101
LH:5
BRDA:13,0,0,0
BRDA:13,0,1,0
BRDA:29,1,0,0
BRDA:29,1,1,0
BRDA:44,2,0,0
BRDA:44,2,1,0
BRDA:44,3,0,0
BRDA:44,3,1,0
BRDA:53,4,0,0
BRDA:53,4,1,0
BRDA:64,5,0,0
BRDA:66,6,0,0
BRDA:66,6,1,0
BRDA:66,7,0,0
BRDA:66,7,1,0
BRDA:66,7,2,0
BRDA:66,7,3,0
BRDA:91,8,0,0
BRDA:91,8,1,0
BRDA:107,9,0,0
BRDA:107,9,1,0
BRDA:123,10,0,0
BRDA:123,10,1,0
BRDA:129,11,0,0
BRDA:129,11,1,0
BRDA:146,12,0,0
BRDA:146,12,1,0
BRDA:159,13,0,0
BRDA:161,14,0,0
BRDA:161,14,1,0
BRDA:161,15,0,0
BRDA:161,15,1,0
BRDA:171,16,0,0
BRDA:171,16,1,0
BRDA:175,17,0,0
BRDA:175,17,1,0
BRDA:198,18,0,0
BRDA:198,18,1,0
BRDA:214,19,0,0
BRDA:214,19,1,0
BRDA:218,20,0,0
BRDA:218,20,1,0
BRDA:220,21,0,0
BRDA:220,21,1,0
BRDA:230,22,0,0
BRDA:230,22,1,0
BRF:46
BRH:0
end_of_record
TN:
SF:src\controllers\translateController.js
FN:7,assembleDocumentText
FN:11,(anonymous_1)
FN:20,previewTranslate
FN:86,confirmTranslate
FNF:4
FNH:0
FNDA:0,assembleDocumentText
FNDA:0,(anonymous_1)
FNDA:0,previewTranslate
FNDA:0,confirmTranslate
DA:2,1
DA:3,1
DA:4,1
DA:8,0
DA:9,0
DA:10,0
DA:11,0
DA:14,0
DA:15,0
DA:17,0
DA:21,0
DA:23,0
DA:24,0
DA:25,0
DA:27,0
DA:28,0
DA:34,0
DA:37,0
DA:38,0
DA:39,0
DA:40,0
DA:41,0
DA:42,0
DA:47,0
DA:51,0
DA:52,0
DA:58,0
DA:60,0
DA:68,0
DA:70,0
DA:78,0
DA:79,0
DA:87,0
DA:88,0
DA:89,0
DA:91,0
DA:92,0
DA:98,0
DA:100,0
DA:105,0
DA:107,0
DA:113,0
DA:114,0
DA:121,1
LF:44
LH:4
BRDA:8,0,0,0
BRDA:8,0,1,0
BRDA:9,1,0,0
BRDA:9,1,1,0
BRDA:9,2,0,0
BRDA:9,2,1,0
BRDA:11,3,0,0
BRDA:11,3,1,0
BRDA:14,4,0,0
BRDA:14,4,1,0
BRDA:14,5,0,0
BRDA:14,5,1,0
BRDA:17,6,0,0
BRDA:17,6,1,0
BRDA:23,7,0,0
BRDA:23,7,1,0
BRDA:25,8,0,0
BRDA:25,8,1,0
BRDA:25,8,2,0
BRDA:27,9,0,0
BRDA:27,9,1,0
BRDA:37,10,0,0
BRDA:37,10,1,0
BRDA:38,11,0,0
BRDA:38,11,1,0
BRDA:39,12,0,0
BRDA:39,12,1,0
BRDA:41,13,0,0
BRDA:41,13,1,0
BRDA:51,14,0,0
BRDA:51,14,1,0
BRDA:61,15,0,0
BRDA:61,15,1,0
BRDA:61,15,2,0
BRDA:62,16,0,0
BRDA:62,16,1,0
BRDA:81,17,0,0
BRDA:81,17,1,0
BRDA:89,18,0,0
BRDA:89,18,1,0
BRDA:89,18,2,0
BRDA:91,19,0,0
BRDA:91,19,1,0
BRDA:109,20,0,0
BRDA:109,20,1,0
BRDA:116,21,0,0
BRDA:116,21,1,0
BRF:47
BRH:0
end_of_record
TN:
SF:src\models\clauseModel.js
FN:10,(anonymous_0)
FN:13,(anonymous_1)
FN:16,(anonymous_2)
FN:34,(anonymous_3)
FN:52,(anonymous_4)
FN:90,(anonymous_5)
FN:103,(anonymous_6)
FN:112,(anonymous_7)
FN:113,(anonymous_8)
FN:118,(anonymous_9)
FN:119,(anonymous_10)
FN:125,(anonymous_11)
FN:132,(anonymous_12)
FN:137,(anonymous_13)
FN:144,(anonymous_14)
FN:170,(anonymous_15)
FN:198,(anonymous_16)
FN:205,(anonymous_17)
FN:219,(anonymous_18)
FN:222,(anonymous_19)
FN:226,(anonymous_20)
FN:233,(anonymous_21)
FN:237,(anonymous_22)
FN:248,(anonymous_23)
FN:258,(anonymous_24)
FN:287,(anonymous_25)
FN:297,(anonymous_26)
FN:305,(anonymous_27)
FN:317,(anonymous_28)
FN:324,(anonymous_29)
FNF:30
FNH:20
FNDA:2,(anonymous_0)
FNDA:0,(anonymous_1)
FNDA:2,(anonymous_2)
FNDA:2928,(anonymous_3)
FNDA:2,(anonymous_4)
FNDA:0,(anonymous_5)
FNDA:2,(anonymous_6)
FNDA:0,(anonymous_7)
FNDA:2,(anonymous_8)
FNDA:2,(anonymous_9)
FNDA:3,(anonymous_10)
FNDA:0,(anonymous_11)
FNDA:2,(anonymous_12)
FNDA:2,(anonymous_13)
FNDA:2,(anonymous_14)
FNDA:2,(anonymous_15)
FNDA:1458,(anonymous_16)
FNDA:6,(anonymous_17)
FNDA:2,(anonymous_18)
FNDA:4,(anonymous_19)
FNDA:2,(anonymous_20)
FNDA:0,(anonymous_21)
FNDA:0,(anonymous_22)
FNDA:2,(anonymous_23)
FNDA:3,(anonymous_24)
FNDA:2,(anonymous_25)
FNDA:0,(anonymous_26)
FNDA:0,(anonymous_27)
FNDA:0,(anonymous_28)
FNDA:0,(anonymous_29)
DA:2,1
DA:11,2
DA:12,2
DA:13,2
DA:17,2
DA:19,2
DA:20,2
DA:23,0
DA:24,0
DA:26,0
DA:27,0
DA:28,0
DA:31,0
DA:35,2928
DA:36,12
DA:37,0
DA:38,0
DA:39,0
DA:41,0
DA:42,0
DA:45,0
DA:63,2
DA:66,2
DA:68,2
DA:75,2
DA:87,2
DA:91,0
DA:92,0
DA:93,0
DA:94,0
DA:96,0
DA:104,2
DA:105,0
DA:109,2
DA:111,2
DA:112,1
DA:113,2
DA:114,1
DA:118,1
DA:119,3
DA:123,1
DA:124,1
DA:125,0
DA:127,1
DA:131,1
DA:132,2
DA:136,1
DA:137,2
DA:141,1
DA:144,2
DA:153,1
DA:171,2
DA:172,2
DA:174,2
DA:175,1
DA:176,1
DA:179,2
DA:180,0
DA:181,0
DA:184,2
DA:185,0
DA:186,0
DA:189,2
DA:190,0
DA:193,2
DA:195,2
DA:198,1458
DA:206,6
DA:207,6
DA:209,6
DA:211,4
DA:212,4
DA:220,2
DA:222,4
DA:223,2
DA:224,2
DA:226,2
DA:234,0
DA:235,0
DA:237,0
DA:249,2
DA:255,2
DA:256,2
DA:258,2
DA:259,3
DA:260,3
DA:262,3
DA:263,0
DA:264,3
DA:265,0
DA:267,3
DA:272,2
DA:273,0
DA:276,2
DA:277,2
DA:279,2
DA:280,2
DA:288,2
DA:289,2
DA:290,2
DA:298,0
DA:302,0
DA:306,0
DA:307,0
DA:309,0
DA:310,0
DA:311,0
DA:314,0
DA:316,0
DA:317,0
DA:325,0
DA:327,0
DA:328,0
DA:331,0
DA:332,0
DA:335,0
DA:346,1
LF:117
LH:71
BRDA:19,0,0,2
BRDA:19,0,1,0
BRDA:35,1,0,2916
BRDA:35,1,1,12
BRDA:36,2,0,12
BRDA:36,2,1,0
BRDA:37,3,0,0
BRDA:37,3,1,0
BRDA:56,4,0,0
BRDA:58,5,0,0
BRDA:59,6,0,0
BRDA:60,7,0,1
BRDA:61,8,0,1
BRDA:62,9,0,1
BRDA:80,10,0,0
BRDA:80,10,1,2
BRDA:81,11,0,0
BRDA:81,11,1,2
BRDA:82,12,0,1
BRDA:82,12,1,1
BRDA:83,13,0,1
BRDA:83,13,1,1
BRDA:103,14,0,0
BRDA:104,15,0,0
BRDA:104,15,1,2
BRDA:104,16,0,2
BRDA:104,16,1,2
BRDA:111,17,0,1
BRDA:111,17,1,1
BRDA:124,18,0,1
BRDA:124,18,1,0
BRDA:127,19,0,1
BRDA:127,19,1,0
BRDA:128,20,0,0
BRDA:128,20,1,0
BRDA:137,21,0,2
BRDA:137,21,1,2
BRDA:159,22,0,1
BRDA:159,22,1,1
BRDA:170,23,0,0
BRDA:174,24,0,1
BRDA:174,24,1,1
BRDA:179,25,0,0
BRDA:179,25,1,2
BRDA:184,26,0,0
BRDA:184,26,1,2
BRDA:186,27,0,0
BRDA:186,27,1,0
BRDA:189,28,0,0
BRDA:189,28,1,2
BRDA:209,29,0,2
BRDA:209,29,1,4
BRDA:220,30,0,0
BRDA:220,30,1,2
BRDA:220,31,0,2
BRDA:220,31,1,2
BRDA:259,32,0,3
BRDA:259,32,1,0
BRDA:262,33,0,0
BRDA:262,33,1,3
BRDA:262,34,0,3
BRDA:262,34,1,3
BRDA:263,35,0,0
BRDA:263,35,1,0
BRDA:264,36,0,0
BRDA:264,36,1,3
BRDA:264,37,0,3
BRDA:264,37,1,3
BRDA:265,38,0,0
BRDA:265,38,1,0
BRDA:272,39,0,0
BRDA:272,39,1,2
BRDA:300,40,0,0
BRDA:300,40,1,0
BRDA:305,41,0,0
BRDA:309,42,0,0
BRDA:309,42,1,0
BRDA:327,43,0,0
BRDA:327,43,1,0
BRDA:331,44,0,0
BRDA:331,44,1,0
BRDA:339,45,0,0
BRDA:339,45,1,0
BRF:83
BRH:42
end_of_record
TN:
SF:src\models\documentModel.js
FN:7,(anonymous_0)
FN:18,(anonymous_1)
FN:24,(anonymous_2)
FN:52,(anonymous_3)
FN:71,(anonymous_4)
FN:106,(anonymous_5)
FN:137,(anonymous_6)
FN:141,(anonymous_7)
FN:153,(anonymous_8)
FN:187,(anonymous_9)
FN:194,(anonymous_10)
FNF:11
FNH:0
FNDA:0,(anonymous_0)
FNDA:0,(anonymous_1)
FNDA:0,(anonymous_2)
FNDA:0,(anonymous_3)
FNDA:0,(anonymous_4)
FNDA:0,(anonymous_5)
FNDA:0,(anonymous_6)
FNDA:0,(anonymous_7)
FNDA:0,(anonymous_8)
FNDA:0,(anonymous_9)
FNDA:0,(anonymous_10)
DA:2,1
DA:8,0
DA:9,0
DA:10,0
DA:12,0
DA:13,0
DA:19,0
DA:20,0
DA:32,0
DA:34,0
DA:39,0
DA:48,0
DA:53,0
DA:54,0
DA:56,0
DA:57,0
DA:58,0
DA:61,0
DA:62,0
DA:63,0
DA:66,0
DA:68,0
DA:71,0
DA:72,0
DA:73,0
DA:75,0
DA:76,0
DA:77,0
DA:79,0
DA:82,0
DA:83,0
DA:86,0
DA:87,0
DA:88,0
DA:90,0
DA:93,0
DA:94,0
DA:97,0
DA:107,0
DA:108,0
DA:110,0
DA:112,0
DA:115,0
DA:116,0
DA:117,0
DA:120,0
DA:121,0
DA:124,0
DA:125,0
DA:126,0
DA:129,0
DA:130,0
DA:133,0
DA:138,0
DA:139,0
DA:141,0
DA:142,0
DA:143,0
DA:144,0
DA:145,0
DA:146,0
DA:147,0
DA:148,0
DA:154,0
DA:155,0
DA:157,0
DA:158,0
DA:159,0
DA:162,0
DA:163,0
DA:164,0
DA:167,0
DA:168,0
DA:169,0
DA:172,0
DA:173,0
DA:174,0
DA:177,0
DA:179,0
DA:180,0
DA:182,0
DA:183,0
DA:188,0
DA:189,0
DA:190,0
DA:195,0
DA:197,0
DA:202,0
DA:212,1
LF:89
LH:2
BRDA:7,0,0,0
BRDA:26,1,0,0
BRDA:30,2,0,0
BRDA:31,3,0,0
BRDA:52,4,0,0
BRDA:56,5,0,0
BRDA:56,5,1,0
BRDA:61,6,0,0
BRDA:61,6,1,0
BRDA:76,7,0,0
BRDA:76,7,1,0
BRDA:76,8,0,0
BRDA:76,8,1,0
BRDA:87,9,0,0
BRDA:87,9,1,0
BRDA:87,10,0,0
BRDA:87,10,1,0
BRDA:99,11,0,0
BRDA:99,11,1,0
BRDA:100,12,0,0
BRDA:100,12,1,0
BRDA:110,13,0,0
BRDA:110,13,1,0
BRDA:116,14,0,0
BRDA:116,14,1,0
BRDA:121,15,0,0
BRDA:121,15,1,0
BRDA:125,16,0,0
BRDA:125,16,1,0
BRDA:130,17,0,0
BRDA:130,17,1,0
BRDA:143,18,0,0
BRDA:143,18,1,0
BRDA:146,19,0,0
BRDA:146,19,1,0
BRDA:157,20,0,0
BRDA:157,20,1,0
BRDA:162,21,0,0
BRDA:162,21,1,0
BRDA:167,22,0,0
BRDA:167,22,1,0
BRDA:172,23,0,0
BRDA:172,23,1,0
BRDA:177,24,0,0
BRDA:177,24,1,0
BRDA:195,25,0,0
BRDA:195,26,0,0
BRF:47
BRH:0
end_of_record
TN:
SF:src\models\templateModel.js
FN:6,(anonymous_0)
FN:55,(anonymous_1)
FN:71,(anonymous_2)
FN:95,(anonymous_3)
FN:109,(anonymous_4)
FN:116,(anonymous_5)
FN:141,(anonymous_6)
FN:152,(anonymous_7)
FN:158,(anonymous_8)
FN:167,(anonymous_9)
FNF:10
FNH:0
FNDA:0,(anonymous_0)
FNDA:0,(anonymous_1)
FNDA:0,(anonymous_2)
FNDA:0,(anonymous_3)
FNDA:0,(anonymous_4)
FNDA:0,(anonymous_5)
FNDA:0,(anonymous_6)
FNDA:0,(anonymous_7)
FNDA:0,(anonymous_8)
FNDA:0,(anonymous_9)
DA:1,1
DA:7,0
DA:9,0
DA:10,0
DA:12,0
DA:15,0
DA:20,0
DA:28,0
DA:31,0
DA:32,0
DA:37,0
DA:38,0
DA:42,0
DA:44,0
DA:47,0
DA:48,0
DA:50,0
DA:56,0
DA:57,0
DA:59,0
DA:60,0
DA:61,0
DA:64,0
DA:66,0
DA:67,0
DA:72,0
DA:73,0
DA:75,0
DA:77,0
DA:80,0
DA:88,0
DA:90,0
DA:91,0
DA:96,0
DA:98,0
DA:104,0
DA:105,0
DA:110,0
DA:111,0
DA:112,0
DA:117,0
DA:119,0
DA:123,0
DA:126,0
DA:132,0
DA:135,0
DA:137,0
DA:142,0
DA:143,0
DA:146,0
DA:148,0
DA:153,0
DA:158,0
DA:160,0
DA:168,0
DA:169,0
DA:170,0
DA:174,1
LF:58
LH:2
BRDA:6,0,0,0
BRDA:12,1,0,0
BRDA:31,2,0,0
BRDA:31,2,1,0
BRDA:55,3,0,0
BRDA:59,4,0,0
BRDA:59,4,1,0
BRDA:75,5,0,0
BRDA:75,5,1,0
BRDA:116,6,0,0
BRDA:117,7,0,0
BRDA:117,7,1,0
BRDA:123,8,0,0
BRDA:123,8,1,0
BRF:14
BRH:0
end_of_record
TN:
SF:src\routes\clauseRoutes.js
FNF:0
FNH:0
DA:2,1
DA:3,1
DA:4,1
DA:9,1
DA:10,1
DA:15,1
DA:16,1
DA:17,1
DA:22,1
DA:23,1
DA:24,1
DA:29,1
DA:30,1
DA:31,1
DA:32,1
DA:33,1
DA:34,1
DA:36,1
LF:18
LH:18
BRF:0
BRH:0
end_of_record
TN:
SF:src\routes\documentRoutes.js
FN:12,ensureHandler
FN:15,(anonymous_1)
FNF:2
FNH:1
FNDA:11,ensureHandler
FNDA:0,(anonymous_1)
DA:2,1
DA:3,1
DA:5,1
DA:6,1
DA:8,1
DA:9,1
DA:13,11
DA:14,0
DA:15,0
DA:16,0
DA:28,1
DA:35,1
DA:46,1
DA:52,1
DA:62,1
DA:68,1
DA:74,1
DA:80,1
DA:86,1
DA:92,1
DA:98,1
DA:103,1
LF:22
LH:19
BRDA:13,0,0,11
BRDA:13,0,1,0
BRF:2
BRH:1
end_of_record
TN:
SF:src\routes\pdfRoutes.js
FNF:0
FNH:0
DA:1,1
DA:2,1
DA:3,1
DA:6,1
DA:9,1
DA:12,1
DA:15,1
DA:18,1
DA:20,1
LF:9
LH:9
BRF:0
BRH:0
end_of_record
TN:
SF:src\routes\templateRoutes.js
FNF:0
FNH:0
DA:1,1
DA:2,1
DA:3,1
DA:6,1
DA:9,1
DA:12,1
DA:15,1
DA:18,1
DA:21,1
DA:24,1
DA:27,1
DA:30,1
DA:33,1
DA:34,1
DA:35,1
LF:15
LH:15
BRF:0
BRH:0
end_of_record
TN:
SF:src\routes\translateRoutes.js
FNF:0
FNH:0
DA:2,1
DA:3,1
DA:4,1
DA:7,1
DA:10,1
DA:12,1
LF:6
LH:6
BRF:0
BRH:0
end_of_record
TN:
SF:src\services\aiService.js
FN:28,(anonymous_0)
FN:39,(anonymous_1)
FN:76,(anonymous_2)
FN:119,(anonymous_3)
FN:143,(anonymous_4)
FN:157,(anonymous_5)
FN:209,(anonymous_6)
FN:233,(anonymous_7)
FN:272,(anonymous_8)
FN:327,(anonymous_9)
FN:330,(anonymous_10)
FN:360,(anonymous_11)
FN:393,(anonymous_12)
FN:448,(anonymous_13)
FNF:14
FNH:0
FNDA:0,(anonymous_0)
FNDA:0,(anonymous_1)
FNDA:0,(anonymous_2)
FNDA:0,(anonymous_3)
FNDA:0,(anonymous_4)
FNDA:0,(anonymous_5)
FNDA:0,(anonymous_6)
FNDA:0,(anonymous_7)
FNDA:0,(anonymous_8)
FNDA:0,(anonymous_9)
FNDA:0,(anonymous_10)
FNDA:0,(anonymous_11)
FNDA:0,(anonymous_12)
FNDA:0,(anonymous_13)
DA:1,1
DA:2,1
DA:3,1
DA:6,1
DA:7,1
DA:8,1
DA:9,1
DA:12,1
DA:21,1
DA:29,0
DA:30,0
DA:31,0
DA:32,0
DA:34,0
DA:40,0
DA:41,0
DA:43,0
DA:44,0
DA:46,0
DA:47,0
DA:48,0
DA:49,0
DA:50,0
DA:53,0
DA:54,0
DA:56,0
DA:57,0
DA:58,0
DA:61,0
DA:62,0
DA:63,0
DA:66,0
DA:67,0
DA:68,0
DA:72,0
DA:77,0
DA:78,0
DA:80,0
DA:86,0
DA:87,0
DA:90,0
DA:104,0
DA:111,0
DA:112,0
DA:114,0
DA:120,0
DA:121,0
DA:123,0
DA:130,0
DA:137,0
DA:138,0
DA:144,0
DA:145,0
DA:146,0
DA:148,0
DA:149,0
DA:150,0
DA:153,0
DA:158,0
DA:159,0
DA:161,0
DA:180,0
DA:183,0
DA:186,0
DA:187,0
DA:189,0
DA:190,0
DA:193,0
DA:194,0
DA:197,0
DA:198,0
DA:199,0
DA:204,0
DA:205,0
DA:206,0
DA:207,0
DA:209,0
DA:210,0
DA:211,0
DA:212,0
DA:213,0
DA:216,0
DA:217,0
DA:219,0
DA:227,0
DA:228,0
DA:234,0
DA:238,0
DA:240,0
DA:273,0
DA:323,0
DA:328,0
DA:329,0
DA:330,0
DA:335,0
DA:338,0
DA:343,0
DA:344,0
DA:346,0
DA:354,0
DA:355,0
DA:361,0
DA:362,0
DA:369,0
DA:374,0
DA:375,0
DA:377,0
DA:379,0
DA:387,0
DA:388,0
DA:394,0
DA:395,0
DA:399,0
DA:413,0
DA:418,0
DA:419,0
DA:421,0
DA:423,0
DA:424,0
DA:428,0
DA:429,0
DA:430,0
DA:431,0
DA:432,0
DA:434,0
DA:442,0
DA:443,0
DA:449,0
DA:459,1
LF:129
LH:10
BRDA:9,0,0,1
BRDA:9,0,1,0
BRDA:12,1,0,1
BRDA:12,1,1,0
BRDA:28,2,0,0
BRDA:29,3,0,0
BRDA:29,3,1,0
BRDA:29,4,0,0
BRDA:29,4,1,0
BRDA:31,5,0,0
BRDA:31,5,1,0
BRDA:54,6,0,0
BRDA:54,6,1,0
BRDA:56,7,0,0
BRDA:56,7,1,0
BRDA:56,8,0,0
BRDA:56,8,1,0
BRDA:61,9,0,0
BRDA:61,9,1,0
BRDA:61,10,0,0
BRDA:61,10,1,0
BRDA:72,11,0,0
BRDA:72,11,1,0
BRDA:76,12,0,0
BRDA:78,13,0,0
BRDA:78,13,1,0
BRDA:86,14,0,0
BRDA:86,14,1,0
BRDA:86,15,0,0
BRDA:86,15,1,0
BRDA:106,16,0,0
BRDA:106,16,1,0
BRDA:111,17,0,0
BRDA:111,17,1,0
BRDA:124,18,0,0
BRDA:124,18,1,0
BRDA:148,19,0,0
BRDA:148,19,1,0
BRDA:148,20,0,0
BRDA:148,20,1,0
BRDA:148,20,2,0
BRDA:157,21,0,0
BRDA:193,22,0,0
BRDA:193,22,1,0
BRDA:193,23,0,0
BRDA:193,23,1,0
BRDA:198,24,0,0
BRDA:198,24,1,0
BRDA:198,25,0,0
BRDA:198,25,1,0
BRDA:198,25,2,0
BRDA:227,26,0,0
BRDA:227,26,1,0
BRDA:228,27,0,0
BRDA:228,27,1,0
BRDA:234,28,0,0
BRDA:234,28,1,0
BRDA:323,29,0,0
BRDA:323,29,1,0
BRDA:327,30,0,0
BRDA:327,31,0,0
BRDA:329,32,0,0
BRDA:329,32,1,0
BRDA:393,33,0,0
BRDA:395,34,0,0
BRDA:395,34,1,0
BRDA:423,35,0,0
BRDA:423,35,1,0
BRDA:450,36,0,0
BRDA:450,36,1,0
BRDA:451,37,0,0
BRDA:451,37,1,0
BRDA:451,38,0,0
BRDA:451,38,1,0
BRDA:453,39,0,0
BRDA:453,39,1,0
BRF:76
BRH:2
end_of_record
TN:
SF:src\services\pdfService.js
FN:10,(anonymous_0)
FN:30,(anonymous_1)
FN:31,(anonymous_2)
FN:32,(anonymous_3)
FN:90,(anonymous_4)
FN:101,(anonymous_5)
FN:102,(anonymous_6)
FN:134,(anonymous_7)
FN:146,(anonymous_8)
FN:186,(anonymous_9)
FN:215,(anonymous_10)
FN:223,(anonymous_11)
FN:227,(anonymous_12)
FN:363,(anonymous_13)
FN:384,(anonymous_14)
FN:403,(anonymous_15)
FN:431,(anonymous_16)
FN:435,(anonymous_17)
FN:440,(anonymous_18)
FNF:19
FNH:0
FNDA:0,(anonymous_0)
FNDA:0,(anonymous_1)
FNDA:0,(anonymous_2)
FNDA:0,(anonymous_3)
FNDA:0,(anonymous_4)
FNDA:0,(anonymous_5)
FNDA:0,(anonymous_6)
FNDA:0,(anonymous_7)
FNDA:0,(anonymous_8)
FNDA:0,(anonymous_9)
FNDA:0,(anonymous_10)
FNDA:0,(anonymous_11)
FNDA:0,(anonymous_12)
FNDA:0,(anonymous_13)
FNDA:0,(anonymous_14)
FNDA:0,(anonymous_15)
FNDA:0,(anonymous_16)
FNDA:0,(anonymous_17)
FNDA:0,(anonymous_18)
DA:2,1
DA:3,1
DA:4,1
DA:5,1
DA:11,0
DA:12,0
DA:14,0
DA:15,0
DA:16,0
DA:17,0
DA:20,0
DA:21,0
DA:22,0
DA:27,0
DA:30,0
DA:31,0
DA:32,0
DA:35,0
DA:37,0
DA:38,0
DA:39,0
DA:41,0
DA:42,0
DA:44,0
DA:53,0
DA:55,0
DA:56,0
DA:57,0
DA:59,0
DA:60,0
DA:62,0
DA:65,0
DA:66,0
DA:68,0
DA:69,0
DA:70,0
DA:71,0
DA:73,0
DA:76,0
DA:77,0
DA:78,0
DA:79,0
DA:81,0
DA:82,0
DA:91,0
DA:92,0
DA:94,0
DA:95,0
DA:99,0
DA:101,0
DA:102,0
DA:104,0
DA:106,0
DA:107,0
DA:117,0
DA:118,0
DA:119,0
DA:121,0
DA:122,0
DA:124,0
DA:125,0
DA:127,0
DA:128,0
DA:135,0
DA:136,0
DA:140,0
DA:141,0
DA:142,0
DA:146,0
DA:147,0
DA:149,0
DA:150,0
DA:153,0
DA:155,0
DA:157,0
DA:162,0
DA:168,0
DA:187,0
DA:188,0
DA:191,0
DA:192,0
DA:196,0
DA:197,0
DA:201,0
DA:202,0
DA:206,0
DA:207,0
DA:211,0
DA:216,0
DA:223,0
DA:228,0
DA:364,0
DA:365,0
DA:366,0
DA:385,0
DA:404,0
DA:405,0
DA:406,0
DA:408,0
DA:409,0
DA:410,0
DA:411,0
DA:413,0
DA:416,0
DA:418,0
DA:419,0
DA:421,0
DA:422,0
DA:423,0
DA:425,0
DA:426,0
DA:432,0
DA:433,0
DA:434,0
DA:435,0
DA:436,0
DA:439,0
DA:440,0
DA:441,0
DA:442,0
DA:443,0
DA:445,0
DA:447,0
DA:449,0
DA:450,0
DA:452,0
DA:457,1
LF:127
LH:5
BRDA:10,0,0,0
BRDA:15,1,0,0
BRDA:15,1,1,0
BRDA:15,2,0,0
BRDA:15,2,1,0
BRDA:59,3,0,0
BRDA:59,3,1,0
BRDA:66,4,0,0
BRDA:66,4,1,0
BRDA:68,5,0,0
BRDA:68,5,1,0
BRDA:76,6,0,0
BRDA:76,6,1,0
BRDA:81,7,0,0
BRDA:81,7,1,0
BRDA:90,8,0,0
BRDA:113,9,0,0
BRDA:113,9,1,0
BRDA:114,10,0,0
BRDA:114,10,1,0
BRDA:118,11,0,0
BRDA:118,11,1,0
BRDA:118,12,0,0
BRDA:118,12,1,0
BRDA:124,13,0,0
BRDA:124,13,1,0
BRDA:127,14,0,0
BRDA:127,14,1,0
BRDA:134,15,0,0
BRDA:136,16,0,0
BRDA:136,16,1,0
BRDA:136,17,0,0
BRDA:136,17,1,0
BRDA:137,18,0,0
BRDA:137,18,1,0
BRDA:137,19,0,0
BRDA:137,19,1,0
BRDA:140,20,0,0
BRDA:140,20,1,0
BRDA:147,21,0,0
BRDA:147,21,1,0
BRDA:147,22,0,0
BRDA:147,22,1,0
BRDA:149,23,0,0
BRDA:149,23,1,0
BRDA:150,24,0,0
BRDA:150,24,1,0
BRDA:155,25,0,0
BRDA:155,25,1,0
BRDA:173,26,0,0
BRDA:173,26,1,0
BRDA:191,27,0,0
BRDA:191,27,1,0
BRDA:196,28,0,0
BRDA:196,28,1,0
BRDA:201,29,0,0
BRDA:201,29,1,0
BRDA:201,30,0,0
BRDA:201,30,1,0
BRDA:206,31,0,0
BRDA:206,31,1,0
BRDA:206,32,0,0
BRDA:206,32,1,0
BRDA:227,33,0,0
BRDA:363,34,0,0
BRDA:364,35,0,0
BRDA:364,35,1,0
BRDA:365,36,0,0
BRDA:365,36,1,0
BRDA:404,37,0,0
BRDA:404,37,1,0
BRDA:404,38,0,0
BRDA:404,38,1,0
BRDA:416,39,0,0
BRDA:416,39,1,0
BRDA:436,40,0,0
BRDA:436,40,1,0
BRDA:439,41,0,0
BRDA:439,41,1,0
BRDA:441,42,0,0
BRDA:441,42,1,0
BRDA:442,43,0,0
BRDA:442,43,1,0
BRDA:449,44,0,0
BRDA:449,44,1,0
BRF:85
BRH:0
end_of_record
TN:
SF:src\services\translateService Enchanced.js
FN:37,(anonymous_0)
FN:76,generateTranslation
FN:140,createPreview
FN:195,confirmPreview
FN:258,batchTranslate
FN:274,(anonymous_5)
FNF:6
FNH:0
FNDA:0,(anonymous_0)
FNDA:0,generateTranslation
FNDA:0,createPreview
FNDA:0,confirmPreview
FNDA:0,batchTranslate
FNDA:0,(anonymous_5)
DA:2,0
DA:3,0
DA:4,0
DA:7,0
DA:37,0
DA:38,0
DA:39,0
DA:41,0
DA:72,0
DA:77,0
DA:78,0
DA:81,0
DA:82,0
DA:86,0
DA:88,0
DA:95,0
DA:98,0
DA:100,0
DA:101,0
DA:104,0
DA:107,0
DA:108,0
DA:109,0
DA:113,0
DA:114,0
DA:116,0
DA:117,0
DA:120,0
DA:122,0
DA:134,0
DA:135,0
DA:141,0
DA:143,0
DA:146,0
DA:149,0
DA:152,0
DA:160,0
DA:161,0
DA:181,0
DA:184,0
DA:186,0
DA:189,0
DA:190,0
DA:196,0
DA:198,0
DA:204,0
DA:205,0
DA:208,0
DA:210,0
DA:213,0
DA:233,0
DA:239,0
DA:245,0
DA:247,0
DA:249,0
DA:252,0
DA:253,0
DA:259,0
DA:260,0
DA:262,0
DA:264,0
DA:265,0
DA:266,0
DA:267,0
DA:269,0
DA:270,0
DA:274,0
DA:275,0
DA:277,0
DA:280,0
DA:281,0
DA:286,0
LF:72
LH:0
BRDA:37,0,0,0
BRDA:44,1,0,0
BRDA:44,1,1,0
BRDA:46,2,0,0
BRDA:46,2,1,0
BRDA:65,3,0,0
BRDA:65,3,1,0
BRDA:76,4,0,0
BRDA:81,5,0,0
BRDA:81,5,1,0
BRDA:100,6,0,0
BRDA:100,6,1,0
BRDA:100,7,0,0
BRDA:100,7,1,0
BRDA:108,8,0,0
BRDA:108,8,1,0
BRDA:108,9,0,0
BRDA:108,9,1,0
BRDA:113,10,0,0
BRDA:113,10,1,0
BRDA:114,11,0,0
BRDA:114,11,1,0
BRDA:116,12,0,0
BRDA:116,12,1,0
BRDA:125,13,0,0
BRDA:125,13,1,0
BRDA:126,14,0,0
BRDA:126,14,1,0
BRDA:156,15,0,0
BRDA:156,15,1,0
BRDA:156,16,0,0
BRDA:156,16,1,0
BRDA:156,17,0,0
BRDA:156,17,1,0
BRDA:167,18,0,0
BRDA:167,18,1,0
BRDA:176,19,0,0
BRDA:176,19,1,0
BRDA:204,20,0,0
BRDA:204,20,1,0
BRDA:204,21,0,0
BRDA:204,21,1,0
BRDA:228,22,0,0
BRDA:228,22,1,0
BRDA:245,23,0,0
BRDA:245,23,1,0
BRDA:258,24,0,0
BRF:47
BRH:0
end_of_record
TN:
SF:src\services\translateService.js
FN:27,(anonymous_0)
FN:72,generateTranslation
FN:137,createPreview
FN:204,confirmPreview
FNF:4
FNH:0
FNDA:0,(anonymous_0)
FNDA:0,generateTranslation
FNDA:0,createPreview
FNDA:0,confirmPreview
DA:2,1
DA:3,1
DA:4,1
DA:6,1
DA:27,1
DA:29,0
DA:31,0
DA:32,0
DA:54,0
DA:73,0
DA:74,0
DA:77,0
DA:78,0
DA:79,0
DA:82,0
DA:89,0
DA:95,0
DA:97,0
DA:98,0
DA:101,0
DA:104,0
DA:106,0
DA:107,0
DA:111,0
DA:112,0
DA:114,0
DA:115,0
DA:119,0
DA:121,0
DA:131,0
DA:132,0
DA:138,0
DA:140,0
DA:143,0
DA:146,0
DA:149,0
DA:165,0
DA:166,0
DA:185,0
DA:188,0
DA:190,0
DA:198,0
DA:199,0
DA:205,0
DA:207,0
DA:213,0
DA:214,0
DA:217,0
DA:219,0
DA:222,0
DA:242,0
DA:250,0
DA:256,0
DA:258,0
DA:260,0
DA:266,0
DA:267,0
DA:271,1
LF:58
LH:6
BRDA:31,0,0,0
BRDA:31,0,1,0
BRDA:34,1,0,0
BRDA:34,1,1,0
BRDA:56,2,0,0
BRDA:56,2,1,0
BRDA:78,3,0,0
BRDA:78,3,1,0
BRDA:84,4,0,0
BRDA:84,4,1,0
BRDA:97,5,0,0
BRDA:97,5,1,0
BRDA:97,6,0,0
BRDA:97,6,1,0
BRDA:104,7,0,0
BRDA:104,7,1,0
BRDA:106,8,0,0
BRDA:106,8,1,0
BRDA:111,9,0,0
BRDA:111,9,1,0
BRDA:112,10,0,0
BRDA:112,10,1,0
BRDA:114,11,0,0
BRDA:114,11,1,0
BRDA:124,12,0,0
BRDA:124,12,1,0
BRDA:125,13,0,0
BRDA:125,13,1,0
BRDA:155,14,0,0
BRDA:155,14,1,0
BRDA:156,15,0,0
BRDA:156,15,1,0
BRDA:159,16,0,0
BRDA:159,16,1,0
BRDA:172,17,0,0
BRDA:172,17,1,0
BRDA:178,18,0,0
BRDA:178,18,1,0
BRDA:180,19,0,0
BRDA:180,19,1,0
BRDA:213,20,0,0
BRDA:213,20,1,0
BRDA:213,21,0,0
BRDA:213,21,1,0
BRDA:237,22,0,0
BRDA:237,22,1,0
BRDA:256,23,0,0
BRDA:256,23,1,0
BRF:48
BRH:0
end_of_record
TN:
SF:src\utils\responseHandler.js
FN:3,(anonymous_0)
FN:11,(anonymous_1)
FN:15,(anonymous_2)
FN:23,(anonymous_3)
FN:27,(anonymous_4)
FN:31,(anonymous_5)
FN:36,(anonymous_6)
FN:40,(anonymous_7)
FNF:8
FNH:5
FNDA:7,(anonymous_0)
FNDA:2,(anonymous_1)
FNDA:5,(anonymous_2)
FNDA:2,(anonymous_3)
FNDA:3,(anonymous_4)
FNDA:0,(anonymous_5)
FNDA:0,(anonymous_6)
FNDA:0,(anonymous_7)
DA:4,7
DA:12,2
DA:16,5
DA:24,2
DA:28,3
DA:32,0
DA:33,0
DA:37,0
DA:41,0
DA:45,1
LF:10
LH:6
BRDA:3,0,0,3
BRDA:3,1,0,5
BRDA:11,2,0,0
BRDA:15,3,0,0
BRDA:15,4,0,0
BRDA:15,5,0,3
BRDA:23,6,0,0
BRDA:23,7,0,2
BRDA:27,8,0,0
BRDA:31,9,0,0
BRDA:31,10,0,0
BRDA:36,11,0,0
BRDA:40,12,0,0
BRF:13
BRH:4
end_of_record
